<?xml version="1.0" encoding="UTF-8"?>
<testng-results skipped="0" failed="6" total="45" passed="39">
  <reporter-output>
  </reporter-output>
  <suite name="My Test Suite" duration-ms="0" started-at="2016-05-07T05:03:09Z" finished-at="2016-05-07T05:03:09Z">
    <groups>
    </groups>
  </suite> <!-- My Test Suite -->
  <suite name="ShoeShop Suite" duration-ms="368891" started-at="2016-05-07T04:57:00Z" finished-at="2016-05-07T05:03:09Z">
    <groups>
    </groups>
    <test name="EmailSubscriptionTest_Chrome" duration-ms="30009" started-at="2016-05-07T04:57:00Z" finished-at="2016-05-07T04:57:30Z">
      <class name="com.selenium.suite.shoeshop.EmailSubscriptionTest1">
        <test-method status="PASS" signature="verifyTestCaseRunmode(java.lang.String, java.lang.String, java.lang.String)[pri:0, instance:com.selenium.suite.shoeshop.EmailSubscriptionTest1@47c62251]" name="verifyTestCaseRunmode" is-config="true" duration-ms="7426" started-at="2016-05-07T00:57:00Z" finished-at="2016-05-07T00:57:08Z">
          <params>
            <param index="0">
              <value>
                <![CDATA[Chrome]]>
              </value>
            </param>
            <param index="1">
              <value>
                <![CDATA[50.0.2661.94]]>
              </value>
            </param>
            <param index="2">
              <value>
                <![CDATA[Windows]]>
              </value>
            </param>
          </params>
          <reporter-output>
          </reporter-output>
        </test-method> <!-- verifyTestCaseRunmode -->
        <test-method status="PASS" signature="testEmailSubscription(java.lang.String)[pri:0, instance:com.selenium.suite.shoeshop.EmailSubscriptionTest1@47c62251]" name="testEmailSubscription" duration-ms="16964" started-at="2016-05-07T00:57:08Z" data-provider="getTestData" finished-at="2016-05-07T00:57:25Z">
          <params>
            <param index="0">
              <value>
                <![CDATA[bsandhya525@rediffmail.com]]>
              </value>
            </param>
          </params>
          <reporter-output>
          </reporter-output>
        </test-method> <!-- testEmailSubscription -->
        <test-method status="PASS" signature="updateDataSetStatus()[pri:0, instance:com.selenium.suite.shoeshop.EmailSubscriptionTest1@47c62251]" name="updateDataSetStatus" is-config="true" duration-ms="731" started-at="2016-05-07T00:57:25Z" finished-at="2016-05-07T00:57:26Z">
          <reporter-output>
          </reporter-output>
        </test-method> <!-- updateDataSetStatus -->
        <test-method status="PASS" signature="testEmailSubscription(java.lang.String)[pri:0, instance:com.selenium.suite.shoeshop.EmailSubscriptionTest1@47c62251]" name="testEmailSubscription" duration-ms="4349" started-at="2016-05-07T00:57:26Z" data-provider="getTestData" finished-at="2016-05-07T00:57:30Z">
          <params>
            <param index="0">
              <value>
                <![CDATA[bsandhya525@gmail.com]]>
              </value>
            </param>
          </params>
          <reporter-output>
          </reporter-output>
        </test-method> <!-- testEmailSubscription -->
        <test-method status="PASS" signature="updateDataSetStatus()[pri:0, instance:com.selenium.suite.shoeshop.EmailSubscriptionTest1@47c62251]" name="updateDataSetStatus" is-config="true" duration-ms="101" started-at="2016-05-07T00:57:30Z" finished-at="2016-05-07T00:57:30Z">
          <reporter-output>
          </reporter-output>
        </test-method> <!-- updateDataSetStatus -->
        <test-method status="PASS" signature="updateTestStatus()[pri:0, instance:com.selenium.suite.shoeshop.EmailSubscriptionTest1@47c62251]" name="updateTestStatus" is-config="true" duration-ms="335" started-at="2016-05-07T00:57:30Z" finished-at="2016-05-07T00:57:30Z">
          <reporter-output>
          </reporter-output>
        </test-method> <!-- updateTestStatus -->
      </class> <!-- com.selenium.suite.shoeshop.EmailSubscriptionTest1 -->
    </test> <!-- EmailSubscriptionTest_Chrome -->
    <test name="EmailSubscriptionTest_Mozilla" duration-ms="34646" started-at="2016-05-07T04:57:00Z" finished-at="2016-05-07T04:57:35Z">
      <class name="com.selenium.suite.shoeshop.EmailSubscriptionTest1">
        <test-method status="PASS" signature="verifyTestCaseRunmode(java.lang.String, java.lang.String, java.lang.String)[pri:0, instance:com.selenium.suite.shoeshop.EmailSubscriptionTest1@cb5822]" name="verifyTestCaseRunmode" is-config="true" duration-ms="19418" started-at="2016-05-07T00:57:00Z" finished-at="2016-05-07T00:57:20Z">
          <params>
            <param index="0">
              <value>
                <![CDATA[Mozilla]]>
              </value>
            </param>
            <param index="1">
              <value>
                <![CDATA[9.0.1]]>
              </value>
            </param>
            <param index="2">
              <value>
                <![CDATA[Windows]]>
              </value>
            </param>
          </params>
          <reporter-output>
          </reporter-output>
        </test-method> <!-- verifyTestCaseRunmode -->
        <test-method status="PASS" signature="testEmailSubscription(java.lang.String)[pri:0, instance:com.selenium.suite.shoeshop.EmailSubscriptionTest1@cb5822]" name="testEmailSubscription" duration-ms="11071" started-at="2016-05-07T00:57:20Z" data-provider="getTestData" finished-at="2016-05-07T00:57:31Z">
          <params>
            <param index="0">
              <value>
                <![CDATA[bsandhya525@rediffmail.com]]>
              </value>
            </param>
          </params>
          <reporter-output>
          </reporter-output>
        </test-method> <!-- testEmailSubscription -->
        <test-method status="PASS" signature="updateDataSetStatus()[pri:0, instance:com.selenium.suite.shoeshop.EmailSubscriptionTest1@cb5822]" name="updateDataSetStatus" is-config="true" duration-ms="67" started-at="2016-05-07T00:57:31Z" finished-at="2016-05-07T00:57:31Z">
          <reporter-output>
          </reporter-output>
        </test-method> <!-- updateDataSetStatus -->
        <test-method status="PASS" signature="testEmailSubscription(java.lang.String)[pri:0, instance:com.selenium.suite.shoeshop.EmailSubscriptionTest1@cb5822]" name="testEmailSubscription" duration-ms="3875" started-at="2016-05-07T00:57:31Z" data-provider="getTestData" finished-at="2016-05-07T00:57:35Z">
          <params>
            <param index="0">
              <value>
                <![CDATA[bsandhya525@gmail.com]]>
              </value>
            </param>
          </params>
          <reporter-output>
          </reporter-output>
        </test-method> <!-- testEmailSubscription -->
        <test-method status="PASS" signature="updateDataSetStatus()[pri:0, instance:com.selenium.suite.shoeshop.EmailSubscriptionTest1@cb5822]" name="updateDataSetStatus" is-config="true" duration-ms="69" started-at="2016-05-07T00:57:35Z" finished-at="2016-05-07T00:57:35Z">
          <reporter-output>
          </reporter-output>
        </test-method> <!-- updateDataSetStatus -->
        <test-method status="PASS" signature="updateTestStatus()[pri:0, instance:com.selenium.suite.shoeshop.EmailSubscriptionTest1@cb5822]" name="updateTestStatus" is-config="true" duration-ms="122" started-at="2016-05-07T00:57:35Z" finished-at="2016-05-07T00:57:35Z">
          <reporter-output>
          </reporter-output>
        </test-method> <!-- updateTestStatus -->
      </class> <!-- com.selenium.suite.shoeshop.EmailSubscriptionTest1 -->
    </test> <!-- EmailSubscriptionTest_Mozilla -->
    <test name="MonthlyShoeDisplaysTest_Chrome" duration-ms="93754" started-at="2016-05-07T04:57:00Z" finished-at="2016-05-07T04:58:34Z">
      <class name="com.selenium.suite.shoeshop.MonthlyShoeDisplaysTest1">
        <test-method status="PASS" signature="verifyTestCaseRunmode(java.lang.String, java.lang.String, java.lang.String)[pri:0, instance:com.selenium.suite.shoeshop.MonthlyShoeDisplaysTest1@1794d431]" name="verifyTestCaseRunmode" is-config="true" duration-ms="7363" started-at="2016-05-07T00:57:00Z" finished-at="2016-05-07T00:57:08Z">
          <params>
            <param index="0">
              <value>
                <![CDATA[Chrome]]>
              </value>
            </param>
            <param index="1">
              <value>
                <![CDATA[50.0.2661.94]]>
              </value>
            </param>
            <param index="2">
              <value>
                <![CDATA[Windows]]>
              </value>
            </param>
          </params>
          <reporter-output>
          </reporter-output>
        </test-method> <!-- verifyTestCaseRunmode -->
        <test-method status="PASS" signature="testMontlyShoeDisplays(java.lang.String)[pri:0, instance:com.selenium.suite.shoeshop.MonthlyShoeDisplaysTest1@1794d431]" name="testMontlyShoeDisplays" duration-ms="23758" started-at="2016-05-07T00:57:08Z" data-provider="getTestData" finished-at="2016-05-07T00:57:32Z">
          <params>
            <param index="0">
              <value>
                <![CDATA[January]]>
              </value>
            </param>
          </params>
          <reporter-output>
          </reporter-output>
        </test-method> <!-- testMontlyShoeDisplays -->
        <test-method status="PASS" signature="updateDataSetStatus()[pri:0, instance:com.selenium.suite.shoeshop.MonthlyShoeDisplaysTest1@1794d431]" name="updateDataSetStatus" is-config="true" duration-ms="170" started-at="2016-05-07T00:57:32Z" finished-at="2016-05-07T00:57:32Z">
          <reporter-output>
          </reporter-output>
        </test-method> <!-- updateDataSetStatus -->
        <test-method status="PASS" signature="testMontlyShoeDisplays(java.lang.String)[pri:0, instance:com.selenium.suite.shoeshop.MonthlyShoeDisplaysTest1@1794d431]" name="testMontlyShoeDisplays" duration-ms="6835" started-at="2016-05-07T00:57:32Z" data-provider="getTestData" finished-at="2016-05-07T00:57:39Z">
          <params>
            <param index="0">
              <value>
                <![CDATA[February]]>
              </value>
            </param>
          </params>
          <reporter-output>
          </reporter-output>
        </test-method> <!-- testMontlyShoeDisplays -->
        <test-method status="PASS" signature="updateDataSetStatus()[pri:0, instance:com.selenium.suite.shoeshop.MonthlyShoeDisplaysTest1@1794d431]" name="updateDataSetStatus" is-config="true" duration-ms="56" started-at="2016-05-07T00:57:39Z" finished-at="2016-05-07T00:57:39Z">
          <reporter-output>
          </reporter-output>
        </test-method> <!-- updateDataSetStatus -->
        <test-method status="PASS" signature="testMontlyShoeDisplays(java.lang.String)[pri:0, instance:com.selenium.suite.shoeshop.MonthlyShoeDisplaysTest1@1794d431]" name="testMontlyShoeDisplays" duration-ms="4807" started-at="2016-05-07T00:57:39Z" data-provider="getTestData" finished-at="2016-05-07T00:57:43Z">
          <params>
            <param index="0">
              <value>
                <![CDATA[March]]>
              </value>
            </param>
          </params>
          <reporter-output>
          </reporter-output>
        </test-method> <!-- testMontlyShoeDisplays -->
        <test-method status="PASS" signature="updateDataSetStatus()[pri:0, instance:com.selenium.suite.shoeshop.MonthlyShoeDisplaysTest1@1794d431]" name="updateDataSetStatus" is-config="true" duration-ms="85" started-at="2016-05-07T00:57:43Z" finished-at="2016-05-07T00:57:44Z">
          <reporter-output>
          </reporter-output>
        </test-method> <!-- updateDataSetStatus -->
        <test-method status="PASS" signature="testMontlyShoeDisplays(java.lang.String)[pri:0, instance:com.selenium.suite.shoeshop.MonthlyShoeDisplaysTest1@1794d431]" name="testMontlyShoeDisplays" duration-ms="5928" started-at="2016-05-07T00:57:44Z" data-provider="getTestData" finished-at="2016-05-07T00:57:49Z">
          <params>
            <param index="0">
              <value>
                <![CDATA[April]]>
              </value>
            </param>
          </params>
          <reporter-output>
          </reporter-output>
        </test-method> <!-- testMontlyShoeDisplays -->
        <test-method status="PASS" signature="updateDataSetStatus()[pri:0, instance:com.selenium.suite.shoeshop.MonthlyShoeDisplaysTest1@1794d431]" name="updateDataSetStatus" is-config="true" duration-ms="113" started-at="2016-05-07T00:57:49Z" finished-at="2016-05-07T00:57:50Z">
          <reporter-output>
          </reporter-output>
        </test-method> <!-- updateDataSetStatus -->
        <test-method status="PASS" signature="testMontlyShoeDisplays(java.lang.String)[pri:0, instance:com.selenium.suite.shoeshop.MonthlyShoeDisplaysTest1@1794d431]" name="testMontlyShoeDisplays" duration-ms="4209" started-at="2016-05-07T00:57:50Z" data-provider="getTestData" finished-at="2016-05-07T00:57:54Z">
          <params>
            <param index="0">
              <value>
                <![CDATA[May]]>
              </value>
            </param>
          </params>
          <reporter-output>
          </reporter-output>
        </test-method> <!-- testMontlyShoeDisplays -->
        <test-method status="PASS" signature="updateDataSetStatus()[pri:0, instance:com.selenium.suite.shoeshop.MonthlyShoeDisplaysTest1@1794d431]" name="updateDataSetStatus" is-config="true" duration-ms="47" started-at="2016-05-07T00:57:54Z" finished-at="2016-05-07T00:57:54Z">
          <reporter-output>
          </reporter-output>
        </test-method> <!-- updateDataSetStatus -->
        <test-method status="PASS" signature="testMontlyShoeDisplays(java.lang.String)[pri:0, instance:com.selenium.suite.shoeshop.MonthlyShoeDisplaysTest1@1794d431]" name="testMontlyShoeDisplays" duration-ms="5105" started-at="2016-05-07T00:57:54Z" data-provider="getTestData" finished-at="2016-05-07T00:57:59Z">
          <params>
            <param index="0">
              <value>
                <![CDATA[June]]>
              </value>
            </param>
          </params>
          <reporter-output>
          </reporter-output>
        </test-method> <!-- testMontlyShoeDisplays -->
        <test-method status="PASS" signature="updateDataSetStatus()[pri:0, instance:com.selenium.suite.shoeshop.MonthlyShoeDisplaysTest1@1794d431]" name="updateDataSetStatus" is-config="true" duration-ms="61" started-at="2016-05-07T00:57:59Z" finished-at="2016-05-07T00:57:59Z">
          <reporter-output>
          </reporter-output>
        </test-method> <!-- updateDataSetStatus -->
        <test-method status="PASS" signature="testMontlyShoeDisplays(java.lang.String)[pri:0, instance:com.selenium.suite.shoeshop.MonthlyShoeDisplaysTest1@1794d431]" name="testMontlyShoeDisplays" duration-ms="4276" started-at="2016-05-07T00:57:59Z" data-provider="getTestData" finished-at="2016-05-07T00:58:03Z">
          <params>
            <param index="0">
              <value>
                <![CDATA[July]]>
              </value>
            </param>
          </params>
          <reporter-output>
          </reporter-output>
        </test-method> <!-- testMontlyShoeDisplays -->
        <test-method status="PASS" signature="updateDataSetStatus()[pri:0, instance:com.selenium.suite.shoeshop.MonthlyShoeDisplaysTest1@1794d431]" name="updateDataSetStatus" is-config="true" duration-ms="57" started-at="2016-05-07T00:58:03Z" finished-at="2016-05-07T00:58:03Z">
          <reporter-output>
          </reporter-output>
        </test-method> <!-- updateDataSetStatus -->
        <test-method status="PASS" signature="testMontlyShoeDisplays(java.lang.String)[pri:0, instance:com.selenium.suite.shoeshop.MonthlyShoeDisplaysTest1@1794d431]" name="testMontlyShoeDisplays" duration-ms="4168" started-at="2016-05-07T00:58:03Z" data-provider="getTestData" finished-at="2016-05-07T00:58:08Z">
          <params>
            <param index="0">
              <value>
                <![CDATA[August]]>
              </value>
            </param>
          </params>
          <reporter-output>
          </reporter-output>
        </test-method> <!-- testMontlyShoeDisplays -->
        <test-method status="PASS" signature="updateDataSetStatus()[pri:0, instance:com.selenium.suite.shoeshop.MonthlyShoeDisplaysTest1@1794d431]" name="updateDataSetStatus" is-config="true" duration-ms="63" started-at="2016-05-07T00:58:08Z" finished-at="2016-05-07T00:58:08Z">
          <reporter-output>
          </reporter-output>
        </test-method> <!-- updateDataSetStatus -->
        <test-method status="PASS" signature="testMontlyShoeDisplays(java.lang.String)[pri:0, instance:com.selenium.suite.shoeshop.MonthlyShoeDisplaysTest1@1794d431]" name="testMontlyShoeDisplays" duration-ms="4856" started-at="2016-05-07T00:58:08Z" data-provider="getTestData" finished-at="2016-05-07T00:58:12Z">
          <params>
            <param index="0">
              <value>
                <![CDATA[September]]>
              </value>
            </param>
          </params>
          <reporter-output>
          </reporter-output>
        </test-method> <!-- testMontlyShoeDisplays -->
        <test-method status="PASS" signature="updateDataSetStatus()[pri:0, instance:com.selenium.suite.shoeshop.MonthlyShoeDisplaysTest1@1794d431]" name="updateDataSetStatus" is-config="true" duration-ms="52" started-at="2016-05-07T00:58:12Z" finished-at="2016-05-07T00:58:13Z">
          <reporter-output>
          </reporter-output>
        </test-method> <!-- updateDataSetStatus -->
        <test-method status="PASS" signature="testMontlyShoeDisplays(java.lang.String)[pri:0, instance:com.selenium.suite.shoeshop.MonthlyShoeDisplaysTest1@1794d431]" name="testMontlyShoeDisplays" duration-ms="4580" started-at="2016-05-07T00:58:13Z" data-provider="getTestData" finished-at="2016-05-07T00:58:17Z">
          <params>
            <param index="0">
              <value>
                <![CDATA[October]]>
              </value>
            </param>
          </params>
          <reporter-output>
          </reporter-output>
        </test-method> <!-- testMontlyShoeDisplays -->
        <test-method status="PASS" signature="updateDataSetStatus()[pri:0, instance:com.selenium.suite.shoeshop.MonthlyShoeDisplaysTest1@1794d431]" name="updateDataSetStatus" is-config="true" duration-ms="59" started-at="2016-05-07T00:58:17Z" finished-at="2016-05-07T00:58:17Z">
          <reporter-output>
          </reporter-output>
        </test-method> <!-- updateDataSetStatus -->
        <test-method status="FAIL" signature="testMontlyShoeDisplays(java.lang.String)[pri:0, instance:com.selenium.suite.shoeshop.MonthlyShoeDisplaysTest1@1794d431]" name="testMontlyShoeDisplays" duration-ms="3731" started-at="2016-05-07T00:58:17Z" data-provider="getTestData" finished-at="2016-05-07T00:58:21Z">
          <params>
            <param index="0">
              <value>
                <![CDATA[November]]>
              </value>
            </param>
          </params>
          <exception class="java.lang.AssertionError">
            <message>
              <![CDATA[Image src is null.No Image to display. expected [true] but found [false]]]>
            </message>
            <full-stacktrace>
              <![CDATA[java.lang.AssertionError: Image src is null.No Image to display. expected [true] but found [false]
	at org.testng.Assert.fail(Assert.java:94)
	at org.testng.Assert.failNotEquals(Assert.java:496)
	at org.testng.Assert.assertTrue(Assert.java:42)
	at com.selenium.suite.shoeshop.MonthlyShoeDisplaysTest1.testMontlyShoeDisplays(MonthlyShoeDisplaysTest1.java:156)
	at sun.reflect.GeneratedMethodAccessor2.invoke(Unknown Source)
	at sun.reflect.DelegatingMethodAccessorImpl.invoke(DelegatingMethodAccessorImpl.java:43)
	at java.lang.reflect.Method.invoke(Method.java:497)
	at org.testng.internal.MethodInvocationHelper.invokeMethod(MethodInvocationHelper.java:85)
	at org.testng.internal.Invoker.invokeMethod(Invoker.java:639)
	at org.testng.internal.Invoker.invokeTestMethod(Invoker.java:816)
	at org.testng.internal.Invoker.invokeTestMethods(Invoker.java:1124)
	at org.testng.internal.TestMethodWorker.invokeTestMethods(TestMethodWorker.java:125)
	at org.testng.internal.TestMethodWorker.run(TestMethodWorker.java:108)
	at org.testng.TestRunner.privateRun(TestRunner.java:774)
	at org.testng.TestRunner.run(TestRunner.java:624)
	at org.testng.SuiteRunner.runTest(SuiteRunner.java:359)
	at org.testng.SuiteRunner.access$000(SuiteRunner.java:39)
	at org.testng.SuiteRunner$SuiteWorker.run(SuiteRunner.java:393)
	at org.testng.internal.thread.ThreadUtil$2.call(ThreadUtil.java:64)
	at java.util.concurrent.FutureTask.run(FutureTask.java:266)
	at java.util.concurrent.ThreadPoolExecutor.runWorker(ThreadPoolExecutor.java:1142)
	at java.util.concurrent.ThreadPoolExecutor$Worker.run(ThreadPoolExecutor.java:617)
	at java.lang.Thread.run(Thread.java:745)
]]>
            </full-stacktrace>
          </exception> <!-- java.lang.AssertionError -->
          <reporter-output>
          </reporter-output>
        </test-method> <!-- testMontlyShoeDisplays -->
        <test-method status="PASS" signature="updateDataSetStatus()[pri:0, instance:com.selenium.suite.shoeshop.MonthlyShoeDisplaysTest1@1794d431]" name="updateDataSetStatus" is-config="true" duration-ms="67" started-at="2016-05-07T00:58:21Z" finished-at="2016-05-07T00:58:21Z">
          <reporter-output>
          </reporter-output>
        </test-method> <!-- updateDataSetStatus -->
        <test-method status="PASS" signature="testMontlyShoeDisplays(java.lang.String)[pri:0, instance:com.selenium.suite.shoeshop.MonthlyShoeDisplaysTest1@1794d431]" name="testMontlyShoeDisplays" duration-ms="3128" started-at="2016-05-07T00:58:21Z" data-provider="getTestData" finished-at="2016-05-07T00:58:24Z">
          <params>
            <param index="0">
              <value>
                <![CDATA[December]]>
              </value>
            </param>
          </params>
          <reporter-output>
          </reporter-output>
        </test-method> <!-- testMontlyShoeDisplays -->
        <test-method status="PASS" signature="updateDataSetStatus()[pri:0, instance:com.selenium.suite.shoeshop.MonthlyShoeDisplaysTest1@1794d431]" name="updateDataSetStatus" is-config="true" duration-ms="62" started-at="2016-05-07T00:58:24Z" finished-at="2016-05-07T00:58:24Z">
          <reporter-output>
          </reporter-output>
        </test-method> <!-- updateDataSetStatus -->
        <test-method status="FAIL" signature="testMontlyShoeDisplays(java.lang.String)[pri:0, instance:com.selenium.suite.shoeshop.MonthlyShoeDisplaysTest1@1794d431]" name="testMontlyShoeDisplays" duration-ms="9588" started-at="2016-05-07T00:58:24Z" data-provider="getTestData" finished-at="2016-05-07T00:58:34Z">
          <params>
            <param index="0">
              <value>
                <![CDATA[All Shoes]]>
              </value>
            </param>
          </params>
          <exception class="java.lang.AssertionError">
            <message>
              <![CDATA[Image src is null.No Image to display. expected [true] but found [false]]]>
            </message>
            <full-stacktrace>
              <![CDATA[java.lang.AssertionError: Image src is null.No Image to display. expected [true] but found [false]
	at org.testng.Assert.fail(Assert.java:94)
	at org.testng.Assert.failNotEquals(Assert.java:496)
	at org.testng.Assert.assertTrue(Assert.java:42)
	at com.selenium.suite.shoeshop.MonthlyShoeDisplaysTest1.testMontlyShoeDisplays(MonthlyShoeDisplaysTest1.java:156)
	at sun.reflect.GeneratedMethodAccessor2.invoke(Unknown Source)
	at sun.reflect.DelegatingMethodAccessorImpl.invoke(DelegatingMethodAccessorImpl.java:43)
	at java.lang.reflect.Method.invoke(Method.java:497)
	at org.testng.internal.MethodInvocationHelper.invokeMethod(MethodInvocationHelper.java:85)
	at org.testng.internal.Invoker.invokeMethod(Invoker.java:639)
	at org.testng.internal.Invoker.invokeTestMethod(Invoker.java:816)
	at org.testng.internal.Invoker.invokeTestMethods(Invoker.java:1124)
	at org.testng.internal.TestMethodWorker.invokeTestMethods(TestMethodWorker.java:125)
	at org.testng.internal.TestMethodWorker.run(TestMethodWorker.java:108)
	at org.testng.TestRunner.privateRun(TestRunner.java:774)
	at org.testng.TestRunner.run(TestRunner.java:624)
	at org.testng.SuiteRunner.runTest(SuiteRunner.java:359)
	at org.testng.SuiteRunner.access$000(SuiteRunner.java:39)
	at org.testng.SuiteRunner$SuiteWorker.run(SuiteRunner.java:393)
	at org.testng.internal.thread.ThreadUtil$2.call(ThreadUtil.java:64)
	at java.util.concurrent.FutureTask.run(FutureTask.java:266)
	at java.util.concurrent.ThreadPoolExecutor.runWorker(ThreadPoolExecutor.java:1142)
	at java.util.concurrent.ThreadPoolExecutor$Worker.run(ThreadPoolExecutor.java:617)
	at java.lang.Thread.run(Thread.java:745)
]]>
            </full-stacktrace>
          </exception> <!-- java.lang.AssertionError -->
          <reporter-output>
          </reporter-output>
        </test-method> <!-- testMontlyShoeDisplays -->
        <test-method status="PASS" signature="updateDataSetStatus()[pri:0, instance:com.selenium.suite.shoeshop.MonthlyShoeDisplaysTest1@1794d431]" name="updateDataSetStatus" is-config="true" duration-ms="123" started-at="2016-05-07T00:58:34Z" finished-at="2016-05-07T00:58:34Z">
          <reporter-output>
          </reporter-output>
        </test-method> <!-- updateDataSetStatus -->
        <test-method status="PASS" signature="updateTestStatus()[pri:0, instance:com.selenium.suite.shoeshop.MonthlyShoeDisplaysTest1@1794d431]" name="updateTestStatus" is-config="true" duration-ms="351" started-at="2016-05-07T00:58:34Z" finished-at="2016-05-07T00:58:34Z">
          <reporter-output>
          </reporter-output>
        </test-method> <!-- updateTestStatus -->
      </class> <!-- com.selenium.suite.shoeshop.MonthlyShoeDisplaysTest1 -->
    </test> <!-- MonthlyShoeDisplaysTest_Chrome -->
    <test name="MonthlyShoeDisplaysTest_Mozilla" duration-ms="96980" started-at="2016-05-07T04:57:00Z" finished-at="2016-05-07T04:58:37Z">
      <class name="com.selenium.suite.shoeshop.MonthlyShoeDisplaysTest1">
        <test-method status="PASS" signature="verifyTestCaseRunmode(java.lang.String, java.lang.String, java.lang.String)[pri:0, instance:com.selenium.suite.shoeshop.MonthlyShoeDisplaysTest1@7cd62f43]" name="verifyTestCaseRunmode" is-config="true" duration-ms="35685" started-at="2016-05-07T00:57:00Z" finished-at="2016-05-07T00:57:36Z">
          <params>
            <param index="0">
              <value>
                <![CDATA[Mozilla]]>
              </value>
            </param>
            <param index="1">
              <value>
                <![CDATA[9.0.1]]>
              </value>
            </param>
            <param index="2">
              <value>
                <![CDATA[Windows]]>
              </value>
            </param>
          </params>
          <reporter-output>
          </reporter-output>
        </test-method> <!-- verifyTestCaseRunmode -->
        <test-method status="PASS" signature="testMontlyShoeDisplays(java.lang.String)[pri:0, instance:com.selenium.suite.shoeshop.MonthlyShoeDisplaysTest1@7cd62f43]" name="testMontlyShoeDisplays" duration-ms="8551" started-at="2016-05-07T00:57:36Z" data-provider="getTestData" finished-at="2016-05-07T00:57:45Z">
          <params>
            <param index="0">
              <value>
                <![CDATA[January]]>
              </value>
            </param>
          </params>
          <reporter-output>
          </reporter-output>
        </test-method> <!-- testMontlyShoeDisplays -->
        <test-method status="PASS" signature="updateDataSetStatus()[pri:0, instance:com.selenium.suite.shoeshop.MonthlyShoeDisplaysTest1@7cd62f43]" name="updateDataSetStatus" is-config="true" duration-ms="62" started-at="2016-05-07T00:57:45Z" finished-at="2016-05-07T00:57:45Z">
          <reporter-output>
          </reporter-output>
        </test-method> <!-- updateDataSetStatus -->
        <test-method status="PASS" signature="testMontlyShoeDisplays(java.lang.String)[pri:0, instance:com.selenium.suite.shoeshop.MonthlyShoeDisplaysTest1@7cd62f43]" name="testMontlyShoeDisplays" duration-ms="5034" started-at="2016-05-07T00:57:45Z" data-provider="getTestData" finished-at="2016-05-07T00:57:50Z">
          <params>
            <param index="0">
              <value>
                <![CDATA[February]]>
              </value>
            </param>
          </params>
          <reporter-output>
          </reporter-output>
        </test-method> <!-- testMontlyShoeDisplays -->
        <test-method status="PASS" signature="updateDataSetStatus()[pri:0, instance:com.selenium.suite.shoeshop.MonthlyShoeDisplaysTest1@7cd62f43]" name="updateDataSetStatus" is-config="true" duration-ms="105" started-at="2016-05-07T00:57:50Z" finished-at="2016-05-07T00:57:50Z">
          <reporter-output>
          </reporter-output>
        </test-method> <!-- updateDataSetStatus -->
        <test-method status="PASS" signature="testMontlyShoeDisplays(java.lang.String)[pri:0, instance:com.selenium.suite.shoeshop.MonthlyShoeDisplaysTest1@7cd62f43]" name="testMontlyShoeDisplays" duration-ms="3702" started-at="2016-05-07T00:57:50Z" data-provider="getTestData" finished-at="2016-05-07T00:57:54Z">
          <params>
            <param index="0">
              <value>
                <![CDATA[March]]>
              </value>
            </param>
          </params>
          <reporter-output>
          </reporter-output>
        </test-method> <!-- testMontlyShoeDisplays -->
        <test-method status="PASS" signature="updateDataSetStatus()[pri:0, instance:com.selenium.suite.shoeshop.MonthlyShoeDisplaysTest1@7cd62f43]" name="updateDataSetStatus" is-config="true" duration-ms="48" started-at="2016-05-07T00:57:54Z" finished-at="2016-05-07T00:57:54Z">
          <reporter-output>
          </reporter-output>
        </test-method> <!-- updateDataSetStatus -->
        <test-method status="PASS" signature="testMontlyShoeDisplays(java.lang.String)[pri:0, instance:com.selenium.suite.shoeshop.MonthlyShoeDisplaysTest1@7cd62f43]" name="testMontlyShoeDisplays" duration-ms="4513" started-at="2016-05-07T00:57:54Z" data-provider="getTestData" finished-at="2016-05-07T00:57:58Z">
          <params>
            <param index="0">
              <value>
                <![CDATA[April]]>
              </value>
            </param>
          </params>
          <reporter-output>
          </reporter-output>
        </test-method> <!-- testMontlyShoeDisplays -->
        <test-method status="PASS" signature="updateDataSetStatus()[pri:0, instance:com.selenium.suite.shoeshop.MonthlyShoeDisplaysTest1@7cd62f43]" name="updateDataSetStatus" is-config="true" duration-ms="102" started-at="2016-05-07T00:57:58Z" finished-at="2016-05-07T00:57:58Z">
          <reporter-output>
          </reporter-output>
        </test-method> <!-- updateDataSetStatus -->
        <test-method status="PASS" signature="testMontlyShoeDisplays(java.lang.String)[pri:0, instance:com.selenium.suite.shoeshop.MonthlyShoeDisplaysTest1@7cd62f43]" name="testMontlyShoeDisplays" duration-ms="3513" started-at="2016-05-07T00:57:58Z" data-provider="getTestData" finished-at="2016-05-07T00:58:02Z">
          <params>
            <param index="0">
              <value>
                <![CDATA[May]]>
              </value>
            </param>
          </params>
          <reporter-output>
          </reporter-output>
        </test-method> <!-- testMontlyShoeDisplays -->
        <test-method status="PASS" signature="updateDataSetStatus()[pri:0, instance:com.selenium.suite.shoeshop.MonthlyShoeDisplaysTest1@7cd62f43]" name="updateDataSetStatus" is-config="true" duration-ms="54" started-at="2016-05-07T00:58:02Z" finished-at="2016-05-07T00:58:02Z">
          <reporter-output>
          </reporter-output>
        </test-method> <!-- updateDataSetStatus -->
        <test-method status="PASS" signature="testMontlyShoeDisplays(java.lang.String)[pri:0, instance:com.selenium.suite.shoeshop.MonthlyShoeDisplaysTest1@7cd62f43]" name="testMontlyShoeDisplays" duration-ms="3501" started-at="2016-05-07T00:58:02Z" data-provider="getTestData" finished-at="2016-05-07T00:58:05Z">
          <params>
            <param index="0">
              <value>
                <![CDATA[June]]>
              </value>
            </param>
          </params>
          <reporter-output>
          </reporter-output>
        </test-method> <!-- testMontlyShoeDisplays -->
        <test-method status="PASS" signature="updateDataSetStatus()[pri:0, instance:com.selenium.suite.shoeshop.MonthlyShoeDisplaysTest1@7cd62f43]" name="updateDataSetStatus" is-config="true" duration-ms="60" started-at="2016-05-07T00:58:05Z" finished-at="2016-05-07T00:58:05Z">
          <reporter-output>
          </reporter-output>
        </test-method> <!-- updateDataSetStatus -->
        <test-method status="PASS" signature="testMontlyShoeDisplays(java.lang.String)[pri:0, instance:com.selenium.suite.shoeshop.MonthlyShoeDisplaysTest1@7cd62f43]" name="testMontlyShoeDisplays" duration-ms="4464" started-at="2016-05-07T00:58:05Z" data-provider="getTestData" finished-at="2016-05-07T00:58:10Z">
          <params>
            <param index="0">
              <value>
                <![CDATA[July]]>
              </value>
            </param>
          </params>
          <reporter-output>
          </reporter-output>
        </test-method> <!-- testMontlyShoeDisplays -->
        <test-method status="PASS" signature="updateDataSetStatus()[pri:0, instance:com.selenium.suite.shoeshop.MonthlyShoeDisplaysTest1@7cd62f43]" name="updateDataSetStatus" is-config="true" duration-ms="143" started-at="2016-05-07T00:58:10Z" finished-at="2016-05-07T00:58:10Z">
          <reporter-output>
          </reporter-output>
        </test-method> <!-- updateDataSetStatus -->
        <test-method status="PASS" signature="testMontlyShoeDisplays(java.lang.String)[pri:0, instance:com.selenium.suite.shoeshop.MonthlyShoeDisplaysTest1@7cd62f43]" name="testMontlyShoeDisplays" duration-ms="3882" started-at="2016-05-07T00:58:10Z" data-provider="getTestData" finished-at="2016-05-07T00:58:14Z">
          <params>
            <param index="0">
              <value>
                <![CDATA[August]]>
              </value>
            </param>
          </params>
          <reporter-output>
          </reporter-output>
        </test-method> <!-- testMontlyShoeDisplays -->
        <test-method status="PASS" signature="updateDataSetStatus()[pri:0, instance:com.selenium.suite.shoeshop.MonthlyShoeDisplaysTest1@7cd62f43]" name="updateDataSetStatus" is-config="true" duration-ms="60" started-at="2016-05-07T00:58:14Z" finished-at="2016-05-07T00:58:14Z">
          <reporter-output>
          </reporter-output>
        </test-method> <!-- updateDataSetStatus -->
        <test-method status="PASS" signature="testMontlyShoeDisplays(java.lang.String)[pri:0, instance:com.selenium.suite.shoeshop.MonthlyShoeDisplaysTest1@7cd62f43]" name="testMontlyShoeDisplays" duration-ms="4140" started-at="2016-05-07T00:58:14Z" data-provider="getTestData" finished-at="2016-05-07T00:58:18Z">
          <params>
            <param index="0">
              <value>
                <![CDATA[September]]>
              </value>
            </param>
          </params>
          <reporter-output>
          </reporter-output>
        </test-method> <!-- testMontlyShoeDisplays -->
        <test-method status="PASS" signature="updateDataSetStatus()[pri:0, instance:com.selenium.suite.shoeshop.MonthlyShoeDisplaysTest1@7cd62f43]" name="updateDataSetStatus" is-config="true" duration-ms="59" started-at="2016-05-07T00:58:18Z" finished-at="2016-05-07T00:58:18Z">
          <reporter-output>
          </reporter-output>
        </test-method> <!-- updateDataSetStatus -->
        <test-method status="PASS" signature="testMontlyShoeDisplays(java.lang.String)[pri:0, instance:com.selenium.suite.shoeshop.MonthlyShoeDisplaysTest1@7cd62f43]" name="testMontlyShoeDisplays" duration-ms="3824" started-at="2016-05-07T00:58:18Z" data-provider="getTestData" finished-at="2016-05-07T00:58:22Z">
          <params>
            <param index="0">
              <value>
                <![CDATA[October]]>
              </value>
            </param>
          </params>
          <reporter-output>
          </reporter-output>
        </test-method> <!-- testMontlyShoeDisplays -->
        <test-method status="PASS" signature="updateDataSetStatus()[pri:0, instance:com.selenium.suite.shoeshop.MonthlyShoeDisplaysTest1@7cd62f43]" name="updateDataSetStatus" is-config="true" duration-ms="76" started-at="2016-05-07T00:58:22Z" finished-at="2016-05-07T00:58:22Z">
          <reporter-output>
          </reporter-output>
        </test-method> <!-- updateDataSetStatus -->
        <test-method status="FAIL" signature="testMontlyShoeDisplays(java.lang.String)[pri:0, instance:com.selenium.suite.shoeshop.MonthlyShoeDisplaysTest1@7cd62f43]" name="testMontlyShoeDisplays" duration-ms="4005" started-at="2016-05-07T00:58:22Z" data-provider="getTestData" finished-at="2016-05-07T00:58:26Z">
          <params>
            <param index="0">
              <value>
                <![CDATA[November]]>
              </value>
            </param>
          </params>
          <exception class="java.lang.AssertionError">
            <message>
              <![CDATA[Image src is null.No Image to display. expected [true] but found [false]]]>
            </message>
            <full-stacktrace>
              <![CDATA[java.lang.AssertionError: Image src is null.No Image to display. expected [true] but found [false]
	at org.testng.Assert.fail(Assert.java:94)
	at org.testng.Assert.failNotEquals(Assert.java:496)
	at org.testng.Assert.assertTrue(Assert.java:42)
	at com.selenium.suite.shoeshop.MonthlyShoeDisplaysTest1.testMontlyShoeDisplays(MonthlyShoeDisplaysTest1.java:156)
	at sun.reflect.GeneratedMethodAccessor2.invoke(Unknown Source)
	at sun.reflect.DelegatingMethodAccessorImpl.invoke(DelegatingMethodAccessorImpl.java:43)
	at java.lang.reflect.Method.invoke(Method.java:497)
	at org.testng.internal.MethodInvocationHelper.invokeMethod(MethodInvocationHelper.java:85)
	at org.testng.internal.Invoker.invokeMethod(Invoker.java:639)
	at org.testng.internal.Invoker.invokeTestMethod(Invoker.java:816)
	at org.testng.internal.Invoker.invokeTestMethods(Invoker.java:1124)
	at org.testng.internal.TestMethodWorker.invokeTestMethods(TestMethodWorker.java:125)
	at org.testng.internal.TestMethodWorker.run(TestMethodWorker.java:108)
	at org.testng.TestRunner.privateRun(TestRunner.java:774)
	at org.testng.TestRunner.run(TestRunner.java:624)
	at org.testng.SuiteRunner.runTest(SuiteRunner.java:359)
	at org.testng.SuiteRunner.access$000(SuiteRunner.java:39)
	at org.testng.SuiteRunner$SuiteWorker.run(SuiteRunner.java:393)
	at org.testng.internal.thread.ThreadUtil$2.call(ThreadUtil.java:64)
	at java.util.concurrent.FutureTask.run(FutureTask.java:266)
	at java.util.concurrent.ThreadPoolExecutor.runWorker(ThreadPoolExecutor.java:1142)
	at java.util.concurrent.ThreadPoolExecutor$Worker.run(ThreadPoolExecutor.java:617)
	at java.lang.Thread.run(Thread.java:745)
]]>
            </full-stacktrace>
          </exception> <!-- java.lang.AssertionError -->
          <reporter-output>
          </reporter-output>
        </test-method> <!-- testMontlyShoeDisplays -->
        <test-method status="PASS" signature="updateDataSetStatus()[pri:0, instance:com.selenium.suite.shoeshop.MonthlyShoeDisplaysTest1@7cd62f43]" name="updateDataSetStatus" is-config="true" duration-ms="51" started-at="2016-05-07T00:58:26Z" finished-at="2016-05-07T00:58:26Z">
          <reporter-output>
          </reporter-output>
        </test-method> <!-- updateDataSetStatus -->
        <test-method status="PASS" signature="testMontlyShoeDisplays(java.lang.String)[pri:0, instance:com.selenium.suite.shoeshop.MonthlyShoeDisplaysTest1@7cd62f43]" name="testMontlyShoeDisplays" duration-ms="3127" started-at="2016-05-07T00:58:26Z" data-provider="getTestData" finished-at="2016-05-07T00:58:29Z">
          <params>
            <param index="0">
              <value>
                <![CDATA[December]]>
              </value>
            </param>
          </params>
          <reporter-output>
          </reporter-output>
        </test-method> <!-- testMontlyShoeDisplays -->
        <test-method status="PASS" signature="updateDataSetStatus()[pri:0, instance:com.selenium.suite.shoeshop.MonthlyShoeDisplaysTest1@7cd62f43]" name="updateDataSetStatus" is-config="true" duration-ms="53" started-at="2016-05-07T00:58:29Z" finished-at="2016-05-07T00:58:29Z">
          <reporter-output>
          </reporter-output>
        </test-method> <!-- updateDataSetStatus -->
        <test-method status="FAIL" signature="testMontlyShoeDisplays(java.lang.String)[pri:0, instance:com.selenium.suite.shoeshop.MonthlyShoeDisplaysTest1@7cd62f43]" name="testMontlyShoeDisplays" duration-ms="7945" started-at="2016-05-07T00:58:29Z" data-provider="getTestData" finished-at="2016-05-07T00:58:37Z">
          <params>
            <param index="0">
              <value>
                <![CDATA[All Shoes]]>
              </value>
            </param>
          </params>
          <exception class="java.lang.AssertionError">
            <message>
              <![CDATA[Image src is null.No Image to display. expected [true] but found [false]]]>
            </message>
            <full-stacktrace>
              <![CDATA[java.lang.AssertionError: Image src is null.No Image to display. expected [true] but found [false]
	at org.testng.Assert.fail(Assert.java:94)
	at org.testng.Assert.failNotEquals(Assert.java:496)
	at org.testng.Assert.assertTrue(Assert.java:42)
	at com.selenium.suite.shoeshop.MonthlyShoeDisplaysTest1.testMontlyShoeDisplays(MonthlyShoeDisplaysTest1.java:156)
	at sun.reflect.GeneratedMethodAccessor2.invoke(Unknown Source)
	at sun.reflect.DelegatingMethodAccessorImpl.invoke(DelegatingMethodAccessorImpl.java:43)
	at java.lang.reflect.Method.invoke(Method.java:497)
	at org.testng.internal.MethodInvocationHelper.invokeMethod(MethodInvocationHelper.java:85)
	at org.testng.internal.Invoker.invokeMethod(Invoker.java:639)
	at org.testng.internal.Invoker.invokeTestMethod(Invoker.java:816)
	at org.testng.internal.Invoker.invokeTestMethods(Invoker.java:1124)
	at org.testng.internal.TestMethodWorker.invokeTestMethods(TestMethodWorker.java:125)
	at org.testng.internal.TestMethodWorker.run(TestMethodWorker.java:108)
	at org.testng.TestRunner.privateRun(TestRunner.java:774)
	at org.testng.TestRunner.run(TestRunner.java:624)
	at org.testng.SuiteRunner.runTest(SuiteRunner.java:359)
	at org.testng.SuiteRunner.access$000(SuiteRunner.java:39)
	at org.testng.SuiteRunner$SuiteWorker.run(SuiteRunner.java:393)
	at org.testng.internal.thread.ThreadUtil$2.call(ThreadUtil.java:64)
	at java.util.concurrent.FutureTask.run(FutureTask.java:266)
	at java.util.concurrent.ThreadPoolExecutor.runWorker(ThreadPoolExecutor.java:1142)
	at java.util.concurrent.ThreadPoolExecutor$Worker.run(ThreadPoolExecutor.java:617)
	at java.lang.Thread.run(Thread.java:745)
]]>
            </full-stacktrace>
          </exception> <!-- java.lang.AssertionError -->
          <reporter-output>
          </reporter-output>
        </test-method> <!-- testMontlyShoeDisplays -->
        <test-method status="PASS" signature="updateDataSetStatus()[pri:0, instance:com.selenium.suite.shoeshop.MonthlyShoeDisplaysTest1@7cd62f43]" name="updateDataSetStatus" is-config="true" duration-ms="95" started-at="2016-05-07T00:58:37Z" finished-at="2016-05-07T00:58:37Z">
          <reporter-output>
          </reporter-output>
        </test-method> <!-- updateDataSetStatus -->
        <test-method status="PASS" signature="updateTestStatus()[pri:0, instance:com.selenium.suite.shoeshop.MonthlyShoeDisplaysTest1@7cd62f43]" name="updateTestStatus" is-config="true" duration-ms="62" started-at="2016-05-07T00:58:37Z" finished-at="2016-05-07T00:58:37Z">
          <reporter-output>
          </reporter-output>
        </test-method> <!-- updateTestStatus -->
      </class> <!-- com.selenium.suite.shoeshop.MonthlyShoeDisplaysTest1 -->
    </test> <!-- MonthlyShoeDisplaysTest_Mozilla -->
    <test name="EmailSubscriptionTest_IE" duration-ms="265564" started-at="2016-05-07T04:57:00Z" finished-at="2016-05-07T05:01:26Z">
      <class name="com.selenium.suite.shoeshop.EmailSubscriptionTest1">
        <test-method status="PASS" signature="verifyTestCaseRunmode(java.lang.String, java.lang.String, java.lang.String)[pri:0, instance:com.selenium.suite.shoeshop.EmailSubscriptionTest1@1bce4f0a]" name="verifyTestCaseRunmode" is-config="true" duration-ms="8617" started-at="2016-05-07T00:57:00Z" finished-at="2016-05-07T00:57:09Z">
          <params>
            <param index="0">
              <value>
                <![CDATA[IE]]>
              </value>
            </param>
            <param index="1">
              <value>
                <![CDATA[11]]>
              </value>
            </param>
            <param index="2">
              <value>
                <![CDATA[Windows]]>
              </value>
            </param>
          </params>
          <reporter-output>
          </reporter-output>
        </test-method> <!-- verifyTestCaseRunmode -->
        <test-method status="PASS" signature="testEmailSubscription(java.lang.String)[pri:0, instance:com.selenium.suite.shoeshop.EmailSubscriptionTest1@1bce4f0a]" name="testEmailSubscription" duration-ms="141752" started-at="2016-05-07T00:57:09Z" data-provider="getTestData" finished-at="2016-05-07T00:59:31Z">
          <params>
            <param index="0">
              <value>
                <![CDATA[bsandhya525@rediffmail.com]]>
              </value>
            </param>
          </params>
          <reporter-output>
          </reporter-output>
        </test-method> <!-- testEmailSubscription -->
        <test-method status="PASS" signature="updateDataSetStatus()[pri:0, instance:com.selenium.suite.shoeshop.EmailSubscriptionTest1@1bce4f0a]" name="updateDataSetStatus" is-config="true" duration-ms="77" started-at="2016-05-07T00:59:31Z" finished-at="2016-05-07T00:59:31Z">
          <reporter-output>
          </reporter-output>
        </test-method> <!-- updateDataSetStatus -->
        <test-method status="PASS" signature="testEmailSubscription(java.lang.String)[pri:0, instance:com.selenium.suite.shoeshop.EmailSubscriptionTest1@1bce4f0a]" name="testEmailSubscription" duration-ms="114846" started-at="2016-05-07T00:59:31Z" data-provider="getTestData" finished-at="2016-05-07T01:01:26Z">
          <params>
            <param index="0">
              <value>
                <![CDATA[bsandhya525@gmail.com]]>
              </value>
            </param>
          </params>
          <reporter-output>
          </reporter-output>
        </test-method> <!-- testEmailSubscription -->
        <test-method status="PASS" signature="updateDataSetStatus()[pri:0, instance:com.selenium.suite.shoeshop.EmailSubscriptionTest1@1bce4f0a]" name="updateDataSetStatus" is-config="true" duration-ms="115" started-at="2016-05-07T01:01:26Z" finished-at="2016-05-07T01:01:26Z">
          <reporter-output>
          </reporter-output>
        </test-method> <!-- updateDataSetStatus -->
        <test-method status="PASS" signature="updateTestStatus()[pri:0, instance:com.selenium.suite.shoeshop.EmailSubscriptionTest1@1bce4f0a]" name="updateTestStatus" is-config="true" duration-ms="141" started-at="2016-05-07T01:01:26Z" finished-at="2016-05-07T01:01:26Z">
          <reporter-output>
          </reporter-output>
        </test-method> <!-- updateTestStatus -->
      </class> <!-- com.selenium.suite.shoeshop.EmailSubscriptionTest1 -->
    </test> <!-- EmailSubscriptionTest_IE -->
    <test name="MonthlyShoeDisplaysTest_IE" duration-ms="368891" started-at="2016-05-07T04:57:00Z" finished-at="2016-05-07T05:03:09Z">
      <class name="com.selenium.suite.shoeshop.MonthlyShoeDisplaysTest1">
        <test-method status="PASS" signature="verifyTestSuiteRunmode()[pri:0, instance:com.selenium.suite.shoeshop.MonthlyShoeDisplaysTest1@1a968a59]" name="verifyTestSuiteRunmode" is-config="true" duration-ms="1021" started-at="2016-05-07T00:56:59Z" finished-at="2016-05-07T00:57:00Z">
          <reporter-output>
          </reporter-output>
        </test-method> <!-- verifyTestSuiteRunmode -->
        <test-method status="PASS" signature="verifyTestCaseRunmode(java.lang.String, java.lang.String, java.lang.String)[pri:0, instance:com.selenium.suite.shoeshop.MonthlyShoeDisplaysTest1@1a968a59]" name="verifyTestCaseRunmode" is-config="true" duration-ms="8709" started-at="2016-05-07T00:57:00Z" finished-at="2016-05-07T00:57:09Z">
          <params>
            <param index="0">
              <value>
                <![CDATA[IE]]>
              </value>
            </param>
            <param index="1">
              <value>
                <![CDATA[11]]>
              </value>
            </param>
            <param index="2">
              <value>
                <![CDATA[Windows]]>
              </value>
            </param>
          </params>
          <reporter-output>
          </reporter-output>
        </test-method> <!-- verifyTestCaseRunmode -->
        <test-method status="PASS" signature="testMontlyShoeDisplays(java.lang.String)[pri:0, instance:com.selenium.suite.shoeshop.MonthlyShoeDisplaysTest1@1a968a59]" name="testMontlyShoeDisplays" duration-ms="29403" started-at="2016-05-07T00:57:09Z" data-provider="getTestData" finished-at="2016-05-07T00:57:39Z">
          <params>
            <param index="0">
              <value>
                <![CDATA[January]]>
              </value>
            </param>
          </params>
          <reporter-output>
          </reporter-output>
        </test-method> <!-- testMontlyShoeDisplays -->
        <test-method status="PASS" signature="updateDataSetStatus()[pri:0, instance:com.selenium.suite.shoeshop.MonthlyShoeDisplaysTest1@1a968a59]" name="updateDataSetStatus" is-config="true" duration-ms="141" started-at="2016-05-07T00:57:39Z" finished-at="2016-05-07T00:57:39Z">
          <reporter-output>
          </reporter-output>
        </test-method> <!-- updateDataSetStatus -->
        <test-method status="PASS" signature="testMontlyShoeDisplays(java.lang.String)[pri:0, instance:com.selenium.suite.shoeshop.MonthlyShoeDisplaysTest1@1a968a59]" name="testMontlyShoeDisplays" duration-ms="41844" started-at="2016-05-07T00:57:39Z" data-provider="getTestData" finished-at="2016-05-07T00:58:21Z">
          <params>
            <param index="0">
              <value>
                <![CDATA[February]]>
              </value>
            </param>
          </params>
          <reporter-output>
          </reporter-output>
        </test-method> <!-- testMontlyShoeDisplays -->
        <test-method status="PASS" signature="updateDataSetStatus()[pri:0, instance:com.selenium.suite.shoeshop.MonthlyShoeDisplaysTest1@1a968a59]" name="updateDataSetStatus" is-config="true" duration-ms="63" started-at="2016-05-07T00:58:21Z" finished-at="2016-05-07T00:58:21Z">
          <reporter-output>
          </reporter-output>
        </test-method> <!-- updateDataSetStatus -->
        <test-method status="PASS" signature="testMontlyShoeDisplays(java.lang.String)[pri:0, instance:com.selenium.suite.shoeshop.MonthlyShoeDisplaysTest1@1a968a59]" name="testMontlyShoeDisplays" duration-ms="41107" started-at="2016-05-07T00:58:21Z" data-provider="getTestData" finished-at="2016-05-07T00:59:02Z">
          <params>
            <param index="0">
              <value>
                <![CDATA[March]]>
              </value>
            </param>
          </params>
          <reporter-output>
          </reporter-output>
        </test-method> <!-- testMontlyShoeDisplays -->
        <test-method status="PASS" signature="updateDataSetStatus()[pri:0, instance:com.selenium.suite.shoeshop.MonthlyShoeDisplaysTest1@1a968a59]" name="updateDataSetStatus" is-config="true" duration-ms="49" started-at="2016-05-07T00:59:02Z" finished-at="2016-05-07T00:59:02Z">
          <reporter-output>
          </reporter-output>
        </test-method> <!-- updateDataSetStatus -->
        <test-method status="PASS" signature="testMontlyShoeDisplays(java.lang.String)[pri:0, instance:com.selenium.suite.shoeshop.MonthlyShoeDisplaysTest1@1a968a59]" name="testMontlyShoeDisplays" duration-ms="35817" started-at="2016-05-07T00:59:02Z" data-provider="getTestData" finished-at="2016-05-07T00:59:38Z">
          <params>
            <param index="0">
              <value>
                <![CDATA[April]]>
              </value>
            </param>
          </params>
          <reporter-output>
          </reporter-output>
        </test-method> <!-- testMontlyShoeDisplays -->
        <test-method status="PASS" signature="updateDataSetStatus()[pri:0, instance:com.selenium.suite.shoeshop.MonthlyShoeDisplaysTest1@1a968a59]" name="updateDataSetStatus" is-config="true" duration-ms="50" started-at="2016-05-07T00:59:38Z" finished-at="2016-05-07T00:59:38Z">
          <reporter-output>
          </reporter-output>
        </test-method> <!-- updateDataSetStatus -->
        <test-method status="PASS" signature="testMontlyShoeDisplays(java.lang.String)[pri:0, instance:com.selenium.suite.shoeshop.MonthlyShoeDisplaysTest1@1a968a59]" name="testMontlyShoeDisplays" duration-ms="41313" started-at="2016-05-07T00:59:38Z" data-provider="getTestData" finished-at="2016-05-07T01:00:19Z">
          <params>
            <param index="0">
              <value>
                <![CDATA[May]]>
              </value>
            </param>
          </params>
          <reporter-output>
          </reporter-output>
        </test-method> <!-- testMontlyShoeDisplays -->
        <test-method status="PASS" signature="updateDataSetStatus()[pri:0, instance:com.selenium.suite.shoeshop.MonthlyShoeDisplaysTest1@1a968a59]" name="updateDataSetStatus" is-config="true" duration-ms="38" started-at="2016-05-07T01:00:19Z" finished-at="2016-05-07T01:00:19Z">
          <reporter-output>
          </reporter-output>
        </test-method> <!-- updateDataSetStatus -->
        <test-method status="PASS" signature="testMontlyShoeDisplays(java.lang.String)[pri:0, instance:com.selenium.suite.shoeshop.MonthlyShoeDisplaysTest1@1a968a59]" name="testMontlyShoeDisplays" duration-ms="39396" started-at="2016-05-07T01:00:19Z" data-provider="getTestData" finished-at="2016-05-07T01:00:58Z">
          <params>
            <param index="0">
              <value>
                <![CDATA[June]]>
              </value>
            </param>
          </params>
          <reporter-output>
          </reporter-output>
        </test-method> <!-- testMontlyShoeDisplays -->
        <test-method status="PASS" signature="updateDataSetStatus()[pri:0, instance:com.selenium.suite.shoeshop.MonthlyShoeDisplaysTest1@1a968a59]" name="updateDataSetStatus" is-config="true" duration-ms="46" started-at="2016-05-07T01:00:58Z" finished-at="2016-05-07T01:00:58Z">
          <reporter-output>
          </reporter-output>
        </test-method> <!-- updateDataSetStatus -->
        <test-method status="PASS" signature="testMontlyShoeDisplays(java.lang.String)[pri:0, instance:com.selenium.suite.shoeshop.MonthlyShoeDisplaysTest1@1a968a59]" name="testMontlyShoeDisplays" duration-ms="32064" started-at="2016-05-07T01:00:58Z" data-provider="getTestData" finished-at="2016-05-07T01:01:31Z">
          <params>
            <param index="0">
              <value>
                <![CDATA[July]]>
              </value>
            </param>
          </params>
          <reporter-output>
          </reporter-output>
        </test-method> <!-- testMontlyShoeDisplays -->
        <test-method status="PASS" signature="updateDataSetStatus()[pri:0, instance:com.selenium.suite.shoeshop.MonthlyShoeDisplaysTest1@1a968a59]" name="updateDataSetStatus" is-config="true" duration-ms="41" started-at="2016-05-07T01:01:31Z" finished-at="2016-05-07T01:01:31Z">
          <reporter-output>
          </reporter-output>
        </test-method> <!-- updateDataSetStatus -->
        <test-method status="PASS" signature="testMontlyShoeDisplays(java.lang.String)[pri:0, instance:com.selenium.suite.shoeshop.MonthlyShoeDisplaysTest1@1a968a59]" name="testMontlyShoeDisplays" duration-ms="15168" started-at="2016-05-07T01:01:31Z" data-provider="getTestData" finished-at="2016-05-07T01:01:46Z">
          <params>
            <param index="0">
              <value>
                <![CDATA[August]]>
              </value>
            </param>
          </params>
          <reporter-output>
          </reporter-output>
        </test-method> <!-- testMontlyShoeDisplays -->
        <test-method status="PASS" signature="updateDataSetStatus()[pri:0, instance:com.selenium.suite.shoeshop.MonthlyShoeDisplaysTest1@1a968a59]" name="updateDataSetStatus" is-config="true" duration-ms="29" started-at="2016-05-07T01:01:46Z" finished-at="2016-05-07T01:01:46Z">
          <reporter-output>
          </reporter-output>
        </test-method> <!-- updateDataSetStatus -->
        <test-method status="PASS" signature="testMontlyShoeDisplays(java.lang.String)[pri:0, instance:com.selenium.suite.shoeshop.MonthlyShoeDisplaysTest1@1a968a59]" name="testMontlyShoeDisplays" duration-ms="13407" started-at="2016-05-07T01:01:46Z" data-provider="getTestData" finished-at="2016-05-07T01:01:59Z">
          <params>
            <param index="0">
              <value>
                <![CDATA[September]]>
              </value>
            </param>
          </params>
          <reporter-output>
          </reporter-output>
        </test-method> <!-- testMontlyShoeDisplays -->
        <test-method status="PASS" signature="updateDataSetStatus()[pri:0, instance:com.selenium.suite.shoeshop.MonthlyShoeDisplaysTest1@1a968a59]" name="updateDataSetStatus" is-config="true" duration-ms="79" started-at="2016-05-07T01:01:59Z" finished-at="2016-05-07T01:01:59Z">
          <reporter-output>
          </reporter-output>
        </test-method> <!-- updateDataSetStatus -->
        <test-method status="PASS" signature="testMontlyShoeDisplays(java.lang.String)[pri:0, instance:com.selenium.suite.shoeshop.MonthlyShoeDisplaysTest1@1a968a59]" name="testMontlyShoeDisplays" duration-ms="14119" started-at="2016-05-07T01:01:59Z" data-provider="getTestData" finished-at="2016-05-07T01:02:13Z">
          <params>
            <param index="0">
              <value>
                <![CDATA[October]]>
              </value>
            </param>
          </params>
          <reporter-output>
          </reporter-output>
        </test-method> <!-- testMontlyShoeDisplays -->
        <test-method status="PASS" signature="updateDataSetStatus()[pri:0, instance:com.selenium.suite.shoeshop.MonthlyShoeDisplaysTest1@1a968a59]" name="updateDataSetStatus" is-config="true" duration-ms="76" started-at="2016-05-07T01:02:13Z" finished-at="2016-05-07T01:02:13Z">
          <reporter-output>
          </reporter-output>
        </test-method> <!-- updateDataSetStatus -->
        <test-method status="FAIL" signature="testMontlyShoeDisplays(java.lang.String)[pri:0, instance:com.selenium.suite.shoeshop.MonthlyShoeDisplaysTest1@1a968a59]" name="testMontlyShoeDisplays" duration-ms="9786" started-at="2016-05-07T01:02:13Z" data-provider="getTestData" finished-at="2016-05-07T01:02:23Z">
          <params>
            <param index="0">
              <value>
                <![CDATA[November]]>
              </value>
            </param>
          </params>
          <exception class="java.lang.AssertionError">
            <message>
              <![CDATA[Image src is null.No Image to display. expected [true] but found [false]]]>
            </message>
            <full-stacktrace>
              <![CDATA[java.lang.AssertionError: Image src is null.No Image to display. expected [true] but found [false]
	at org.testng.Assert.fail(Assert.java:94)
	at org.testng.Assert.failNotEquals(Assert.java:496)
	at org.testng.Assert.assertTrue(Assert.java:42)
	at com.selenium.suite.shoeshop.MonthlyShoeDisplaysTest1.testMontlyShoeDisplays(MonthlyShoeDisplaysTest1.java:156)
	at sun.reflect.GeneratedMethodAccessor2.invoke(Unknown Source)
	at sun.reflect.DelegatingMethodAccessorImpl.invoke(DelegatingMethodAccessorImpl.java:43)
	at java.lang.reflect.Method.invoke(Method.java:497)
	at org.testng.internal.MethodInvocationHelper.invokeMethod(MethodInvocationHelper.java:85)
	at org.testng.internal.Invoker.invokeMethod(Invoker.java:639)
	at org.testng.internal.Invoker.invokeTestMethod(Invoker.java:816)
	at org.testng.internal.Invoker.invokeTestMethods(Invoker.java:1124)
	at org.testng.internal.TestMethodWorker.invokeTestMethods(TestMethodWorker.java:125)
	at org.testng.internal.TestMethodWorker.run(TestMethodWorker.java:108)
	at org.testng.TestRunner.privateRun(TestRunner.java:774)
	at org.testng.TestRunner.run(TestRunner.java:624)
	at org.testng.SuiteRunner.runTest(SuiteRunner.java:359)
	at org.testng.SuiteRunner.access$000(SuiteRunner.java:39)
	at org.testng.SuiteRunner$SuiteWorker.run(SuiteRunner.java:393)
	at org.testng.internal.thread.ThreadUtil$2.call(ThreadUtil.java:64)
	at java.util.concurrent.FutureTask.run(FutureTask.java:266)
	at java.util.concurrent.ThreadPoolExecutor.runWorker(ThreadPoolExecutor.java:1142)
	at java.util.concurrent.ThreadPoolExecutor$Worker.run(ThreadPoolExecutor.java:617)
	at java.lang.Thread.run(Thread.java:745)
]]>
            </full-stacktrace>
          </exception> <!-- java.lang.AssertionError -->
          <reporter-output>
          </reporter-output>
        </test-method> <!-- testMontlyShoeDisplays -->
        <test-method status="PASS" signature="updateDataSetStatus()[pri:0, instance:com.selenium.suite.shoeshop.MonthlyShoeDisplaysTest1@1a968a59]" name="updateDataSetStatus" is-config="true" duration-ms="53" started-at="2016-05-07T01:02:23Z" finished-at="2016-05-07T01:02:23Z">
          <reporter-output>
          </reporter-output>
        </test-method> <!-- updateDataSetStatus -->
        <test-method status="PASS" signature="testMontlyShoeDisplays(java.lang.String)[pri:0, instance:com.selenium.suite.shoeshop.MonthlyShoeDisplaysTest1@1a968a59]" name="testMontlyShoeDisplays" duration-ms="6360" started-at="2016-05-07T01:02:23Z" data-provider="getTestData" finished-at="2016-05-07T01:02:30Z">
          <params>
            <param index="0">
              <value>
                <![CDATA[December]]>
              </value>
            </param>
          </params>
          <reporter-output>
          </reporter-output>
        </test-method> <!-- testMontlyShoeDisplays -->
        <test-method status="PASS" signature="updateDataSetStatus()[pri:0, instance:com.selenium.suite.shoeshop.MonthlyShoeDisplaysTest1@1a968a59]" name="updateDataSetStatus" is-config="true" duration-ms="134" started-at="2016-05-07T01:02:30Z" finished-at="2016-05-07T01:02:30Z">
          <reporter-output>
          </reporter-output>
        </test-method> <!-- updateDataSetStatus -->
        <test-method status="FAIL" signature="testMontlyShoeDisplays(java.lang.String)[pri:0, instance:com.selenium.suite.shoeshop.MonthlyShoeDisplaysTest1@1a968a59]" name="testMontlyShoeDisplays" duration-ms="39191" started-at="2016-05-07T01:02:30Z" data-provider="getTestData" finished-at="2016-05-07T01:03:09Z">
          <params>
            <param index="0">
              <value>
                <![CDATA[All Shoes]]>
              </value>
            </param>
          </params>
          <exception class="java.lang.AssertionError">
            <message>
              <![CDATA[Image src is null.No Image to display. expected [true] but found [false]]]>
            </message>
            <full-stacktrace>
              <![CDATA[java.lang.AssertionError: Image src is null.No Image to display. expected [true] but found [false]
	at org.testng.Assert.fail(Assert.java:94)
	at org.testng.Assert.failNotEquals(Assert.java:496)
	at org.testng.Assert.assertTrue(Assert.java:42)
	at com.selenium.suite.shoeshop.MonthlyShoeDisplaysTest1.testMontlyShoeDisplays(MonthlyShoeDisplaysTest1.java:156)
	at sun.reflect.GeneratedMethodAccessor2.invoke(Unknown Source)
	at sun.reflect.DelegatingMethodAccessorImpl.invoke(DelegatingMethodAccessorImpl.java:43)
	at java.lang.reflect.Method.invoke(Method.java:497)
	at org.testng.internal.MethodInvocationHelper.invokeMethod(MethodInvocationHelper.java:85)
	at org.testng.internal.Invoker.invokeMethod(Invoker.java:639)
	at org.testng.internal.Invoker.invokeTestMethod(Invoker.java:816)
	at org.testng.internal.Invoker.invokeTestMethods(Invoker.java:1124)
	at org.testng.internal.TestMethodWorker.invokeTestMethods(TestMethodWorker.java:125)
	at org.testng.internal.TestMethodWorker.run(TestMethodWorker.java:108)
	at org.testng.TestRunner.privateRun(TestRunner.java:774)
	at org.testng.TestRunner.run(TestRunner.java:624)
	at org.testng.SuiteRunner.runTest(SuiteRunner.java:359)
	at org.testng.SuiteRunner.access$000(SuiteRunner.java:39)
	at org.testng.SuiteRunner$SuiteWorker.run(SuiteRunner.java:393)
	at org.testng.internal.thread.ThreadUtil$2.call(ThreadUtil.java:64)
	at java.util.concurrent.FutureTask.run(FutureTask.java:266)
	at java.util.concurrent.ThreadPoolExecutor.runWorker(ThreadPoolExecutor.java:1142)
	at java.util.concurrent.ThreadPoolExecutor$Worker.run(ThreadPoolExecutor.java:617)
	at java.lang.Thread.run(Thread.java:745)
]]>
            </full-stacktrace>
          </exception> <!-- java.lang.AssertionError -->
          <reporter-output>
          </reporter-output>
        </test-method> <!-- testMontlyShoeDisplays -->
        <test-method status="PASS" signature="updateDataSetStatus()[pri:0, instance:com.selenium.suite.shoeshop.MonthlyShoeDisplaysTest1@1a968a59]" name="updateDataSetStatus" is-config="true" duration-ms="203" started-at="2016-05-07T01:03:09Z" finished-at="2016-05-07T01:03:09Z">
          <reporter-output>
          </reporter-output>
        </test-method> <!-- updateDataSetStatus -->
        <test-method status="PASS" signature="updateTestStatus()[pri:0, instance:com.selenium.suite.shoeshop.MonthlyShoeDisplaysTest1@1a968a59]" name="updateTestStatus" is-config="true" duration-ms="176" started-at="2016-05-07T01:03:09Z" finished-at="2016-05-07T01:03:09Z">
          <reporter-output>
          </reporter-output>
        </test-method> <!-- updateTestStatus -->
      </class> <!-- com.selenium.suite.shoeshop.MonthlyShoeDisplaysTest1 -->
    </test> <!-- MonthlyShoeDisplaysTest_IE -->
  </suite> <!-- ShoeShop Suite -->
</testng-results>
