<?xml version="1.0" encoding="UTF-8"?>
<!-- Generated by org.testng.reporters.JUnitReportReporter -->
<testsuite hostname="CORP-PF00HQD9" name="com.selenium.suite.shoeshop.MonthlyShoeDisplaysTest1" tests="39" failures="6" timestamp="7 May 2016 05:03:10 GMT" time="507.130" errors="0">
  <testcase name="testMontlyShoeDisplays" time="4.322" classname="com.selenium.suite.shoeshop.MonthlyShoeDisplaysTest1"/>
  <testcase name="testMontlyShoeDisplays" time="14.198" classname="com.selenium.suite.shoeshop.MonthlyShoeDisplaysTest1"/>
  <testcase name="testMontlyShoeDisplays" time="4.235" classname="com.selenium.suite.shoeshop.MonthlyShoeDisplaysTest1"/>
  <testcase name="testMontlyShoeDisplays" time="3.884" classname="com.selenium.suite.shoeshop.MonthlyShoeDisplaysTest1"/>
  <testcase name="testMontlyShoeDisplays" time="6.423" classname="com.selenium.suite.shoeshop.MonthlyShoeDisplaysTest1"/>
  <testcase name="testMontlyShoeDisplays" time="9.920" classname="com.selenium.suite.shoeshop.MonthlyShoeDisplaysTest1">
    <failure type="java.lang.AssertionError" message="Image src is null.No Image to display. expected [true] but found [false]">
      <![CDATA[java.lang.AssertionError: Image src is null.No Image to display. expected [true] but found [false]
	at org.testng.Assert.fail(Assert.java:94)
	at org.testng.Assert.failNotEquals(Assert.java:496)
	at org.testng.Assert.assertTrue(Assert.java:42)
	at com.selenium.suite.shoeshop.MonthlyShoeDisplaysTest1.testMontlyShoeDisplays(MonthlyShoeDisplaysTest1.java:156)
	at sun.reflect.GeneratedMethodAccessor2.invoke(Unknown Source)
	at sun.reflect.DelegatingMethodAccessorImpl.invoke(DelegatingMethodAccessorImpl.java:43)
	at java.lang.reflect.Method.invoke(Method.java:497)
	at org.testng.internal.MethodInvocationHelper.invokeMethod(MethodInvocationHelper.java:85)
	at org.testng.internal.Invoker.invokeMethod(Invoker.java:639)
	at org.testng.internal.Invoker.invokeTestMethod(Invoker.java:816)
	at org.testng.internal.Invoker.invokeTestMethods(Invoker.java:1124)
	at org.testng.internal.TestMethodWorker.invokeTestMethods(TestMethodWorker.java:125)
	at org.testng.internal.TestMethodWorker.run(TestMethodWorker.java:108)
	at org.testng.TestRunner.privateRun(TestRunner.java:774)
	at org.testng.TestRunner.run(TestRunner.java:624)
	at org.testng.SuiteRunner.runTest(SuiteRunner.java:359)
	at org.testng.SuiteRunner.access$000(SuiteRunner.java:39)
	at org.testng.SuiteRunner$SuiteWorker.run(SuiteRunner.java:393)
	at org.testng.internal.thread.ThreadUtil$2.call(ThreadUtil.java:64)
	at java.util.concurrent.FutureTask.run(FutureTask.java:266)
	at java.util.concurrent.ThreadPoolExecutor.runWorker(ThreadPoolExecutor.java:1142)
	at java.util.concurrent.ThreadPoolExecutor$Worker.run(ThreadPoolExecutor.java:617)
	at java.lang.Thread.run(Thread.java:745)
]]>
    </failure>
  </testcase> <!-- testMontlyShoeDisplays -->
  <testcase name="testMontlyShoeDisplays" time="8.656" classname="com.selenium.suite.shoeshop.MonthlyShoeDisplaysTest1"/>
  <testcase name="testMontlyShoeDisplays" time="5.085" classname="com.selenium.suite.shoeshop.MonthlyShoeDisplaysTest1"/>
  <testcase name="testMontlyShoeDisplays" time="4.643" classname="com.selenium.suite.shoeshop.MonthlyShoeDisplaysTest1"/>
  <testcase name="testMontlyShoeDisplays" time="5.995" classname="com.selenium.suite.shoeshop.MonthlyShoeDisplaysTest1"/>
  <testcase name="testMontlyShoeDisplays" time="3.175" classname="com.selenium.suite.shoeshop.MonthlyShoeDisplaysTest1"/>
  <testcase name="testMontlyShoeDisplays" time="35.855" classname="com.selenium.suite.shoeshop.MonthlyShoeDisplaysTest1"/>
  <testcase name="testMontlyShoeDisplays" time="9.644" classname="com.selenium.suite.shoeshop.MonthlyShoeDisplaysTest1">
    <failure type="java.lang.AssertionError" message="Image src is null.No Image to display. expected [true] but found [false]">
      <![CDATA[java.lang.AssertionError: Image src is null.No Image to display. expected [true] but found [false]
	at org.testng.Assert.fail(Assert.java:94)
	at org.testng.Assert.failNotEquals(Assert.java:496)
	at org.testng.Assert.assertTrue(Assert.java:42)
	at com.selenium.suite.shoeshop.MonthlyShoeDisplaysTest1.testMontlyShoeDisplays(MonthlyShoeDisplaysTest1.java:156)
	at sun.reflect.GeneratedMethodAccessor2.invoke(Unknown Source)
	at sun.reflect.DelegatingMethodAccessorImpl.invoke(DelegatingMethodAccessorImpl.java:43)
	at java.lang.reflect.Method.invoke(Method.java:497)
	at org.testng.internal.MethodInvocationHelper.invokeMethod(MethodInvocationHelper.java:85)
	at org.testng.internal.Invoker.invokeMethod(Invoker.java:639)
	at org.testng.internal.Invoker.invokeTestMethod(Invoker.java:816)
	at org.testng.internal.Invoker.invokeTestMethods(Invoker.java:1124)
	at org.testng.internal.TestMethodWorker.invokeTestMethods(TestMethodWorker.java:125)
	at org.testng.internal.TestMethodWorker.run(TestMethodWorker.java:108)
	at org.testng.TestRunner.privateRun(TestRunner.java:774)
	at org.testng.TestRunner.run(TestRunner.java:624)
	at org.testng.SuiteRunner.runTest(SuiteRunner.java:359)
	at org.testng.SuiteRunner.access$000(SuiteRunner.java:39)
	at org.testng.SuiteRunner$SuiteWorker.run(SuiteRunner.java:393)
	at org.testng.internal.thread.ThreadUtil$2.call(ThreadUtil.java:64)
	at java.util.concurrent.FutureTask.run(FutureTask.java:266)
	at java.util.concurrent.ThreadPoolExecutor.runWorker(ThreadPoolExecutor.java:1142)
	at java.util.concurrent.ThreadPoolExecutor$Worker.run(ThreadPoolExecutor.java:617)
	at java.lang.Thread.run(Thread.java:745)
]]>
    </failure>
  </testcase> <!-- testMontlyShoeDisplays -->
  <testcase name="testMontlyShoeDisplays" time="41.920" classname="com.selenium.suite.shoeshop.MonthlyShoeDisplaysTest1"/>
  <testcase name="testMontlyShoeDisplays" time="3.566" classname="com.selenium.suite.shoeshop.MonthlyShoeDisplaysTest1"/>
  <testcase name="testMontlyShoeDisplays" time="29.456" classname="com.selenium.suite.shoeshop.MonthlyShoeDisplaysTest1"/>
  <testcase name="testMontlyShoeDisplays" time="3.203" classname="com.selenium.suite.shoeshop.MonthlyShoeDisplaysTest1"/>
  <testcase name="testMontlyShoeDisplays" time="15.309" classname="com.selenium.suite.shoeshop.MonthlyShoeDisplaysTest1"/>
  <testcase name="testMontlyShoeDisplays" time="4.918" classname="com.selenium.suite.shoeshop.MonthlyShoeDisplaysTest1"/>
  <testcase name="testMontlyShoeDisplays" time="8.004" classname="com.selenium.suite.shoeshop.MonthlyShoeDisplaysTest1">
    <failure type="java.lang.AssertionError" message="Image src is null.No Image to display. expected [true] but found [false]">
      <![CDATA[java.lang.AssertionError: Image src is null.No Image to display. expected [true] but found [false]
	at org.testng.Assert.fail(Assert.java:94)
	at org.testng.Assert.failNotEquals(Assert.java:496)
	at org.testng.Assert.assertTrue(Assert.java:42)
	at com.selenium.suite.shoeshop.MonthlyShoeDisplaysTest1.testMontlyShoeDisplays(MonthlyShoeDisplaysTest1.java:156)
	at sun.reflect.GeneratedMethodAccessor2.invoke(Unknown Source)
	at sun.reflect.DelegatingMethodAccessorImpl.invoke(DelegatingMethodAccessorImpl.java:43)
	at java.lang.reflect.Method.invoke(Method.java:497)
	at org.testng.internal.MethodInvocationHelper.invokeMethod(MethodInvocationHelper.java:85)
	at org.testng.internal.Invoker.invokeMethod(Invoker.java:639)
	at org.testng.internal.Invoker.invokeTestMethod(Invoker.java:816)
	at org.testng.internal.Invoker.invokeTestMethods(Invoker.java:1124)
	at org.testng.internal.TestMethodWorker.invokeTestMethods(TestMethodWorker.java:125)
	at org.testng.internal.TestMethodWorker.run(TestMethodWorker.java:108)
	at org.testng.TestRunner.privateRun(TestRunner.java:774)
	at org.testng.TestRunner.run(TestRunner.java:624)
	at org.testng.SuiteRunner.runTest(SuiteRunner.java:359)
	at org.testng.SuiteRunner.access$000(SuiteRunner.java:39)
	at org.testng.SuiteRunner$SuiteWorker.run(SuiteRunner.java:393)
	at org.testng.internal.thread.ThreadUtil$2.call(ThreadUtil.java:64)
	at java.util.concurrent.FutureTask.run(FutureTask.java:266)
	at java.util.concurrent.ThreadPoolExecutor.runWorker(ThreadPoolExecutor.java:1142)
	at java.util.concurrent.ThreadPoolExecutor$Worker.run(ThreadPoolExecutor.java:617)
	at java.lang.Thread.run(Thread.java:745)
]]>
    </failure>
  </testcase> <!-- testMontlyShoeDisplays -->
  <testcase name="testMontlyShoeDisplays" time="7.005" classname="com.selenium.suite.shoeshop.MonthlyShoeDisplaysTest1"/>
  <testcase name="testMontlyShoeDisplays" time="41.362" classname="com.selenium.suite.shoeshop.MonthlyShoeDisplaysTest1"/>
  <testcase name="testMontlyShoeDisplays" time="3.792" classname="com.selenium.suite.shoeshop.MonthlyShoeDisplaysTest1">
    <failure type="java.lang.AssertionError" message="Image src is null.No Image to display. expected [true] but found [false]">
      <![CDATA[java.lang.AssertionError: Image src is null.No Image to display. expected [true] but found [false]
	at org.testng.Assert.fail(Assert.java:94)
	at org.testng.Assert.failNotEquals(Assert.java:496)
	at org.testng.Assert.assertTrue(Assert.java:42)
	at com.selenium.suite.shoeshop.MonthlyShoeDisplaysTest1.testMontlyShoeDisplays(MonthlyShoeDisplaysTest1.java:156)
	at sun.reflect.GeneratedMethodAccessor2.invoke(Unknown Source)
	at sun.reflect.DelegatingMethodAccessorImpl.invoke(DelegatingMethodAccessorImpl.java:43)
	at java.lang.reflect.Method.invoke(Method.java:497)
	at org.testng.internal.MethodInvocationHelper.invokeMethod(MethodInvocationHelper.java:85)
	at org.testng.internal.Invoker.invokeMethod(Invoker.java:639)
	at org.testng.internal.Invoker.invokeTestMethod(Invoker.java:816)
	at org.testng.internal.Invoker.invokeTestMethods(Invoker.java:1124)
	at org.testng.internal.TestMethodWorker.invokeTestMethods(TestMethodWorker.java:125)
	at org.testng.internal.TestMethodWorker.run(TestMethodWorker.java:108)
	at org.testng.TestRunner.privateRun(TestRunner.java:774)
	at org.testng.TestRunner.run(TestRunner.java:624)
	at org.testng.SuiteRunner.runTest(SuiteRunner.java:359)
	at org.testng.SuiteRunner.access$000(SuiteRunner.java:39)
	at org.testng.SuiteRunner$SuiteWorker.run(SuiteRunner.java:393)
	at org.testng.internal.thread.ThreadUtil$2.call(ThreadUtil.java:64)
	at java.util.concurrent.FutureTask.run(FutureTask.java:266)
	at java.util.concurrent.ThreadPoolExecutor.runWorker(ThreadPoolExecutor.java:1142)
	at java.util.concurrent.ThreadPoolExecutor$Worker.run(ThreadPoolExecutor.java:617)
	at java.lang.Thread.run(Thread.java:745)
]]>
    </failure>
  </testcase> <!-- testMontlyShoeDisplays -->
  <testcase name="testMontlyShoeDisplays" time="39.232" classname="com.selenium.suite.shoeshop.MonthlyShoeDisplaysTest1">
    <failure type="java.lang.AssertionError" message="Image src is null.No Image to display. expected [true] but found [false]">
      <![CDATA[java.lang.AssertionError: Image src is null.No Image to display. expected [true] but found [false]
	at org.testng.Assert.fail(Assert.java:94)
	at org.testng.Assert.failNotEquals(Assert.java:496)
	at org.testng.Assert.assertTrue(Assert.java:42)
	at com.selenium.suite.shoeshop.MonthlyShoeDisplaysTest1.testMontlyShoeDisplays(MonthlyShoeDisplaysTest1.java:156)
	at sun.reflect.GeneratedMethodAccessor2.invoke(Unknown Source)
	at sun.reflect.DelegatingMethodAccessorImpl.invoke(DelegatingMethodAccessorImpl.java:43)
	at java.lang.reflect.Method.invoke(Method.java:497)
	at org.testng.internal.MethodInvocationHelper.invokeMethod(MethodInvocationHelper.java:85)
	at org.testng.internal.Invoker.invokeMethod(Invoker.java:639)
	at org.testng.internal.Invoker.invokeTestMethod(Invoker.java:816)
	at org.testng.internal.Invoker.invokeTestMethods(Invoker.java:1124)
	at org.testng.internal.TestMethodWorker.invokeTestMethods(TestMethodWorker.java:125)
	at org.testng.internal.TestMethodWorker.run(TestMethodWorker.java:108)
	at org.testng.TestRunner.privateRun(TestRunner.java:774)
	at org.testng.TestRunner.run(TestRunner.java:624)
	at org.testng.SuiteRunner.runTest(SuiteRunner.java:359)
	at org.testng.SuiteRunner.access$000(SuiteRunner.java:39)
	at org.testng.SuiteRunner$SuiteWorker.run(SuiteRunner.java:393)
	at org.testng.internal.thread.ThreadUtil$2.call(ThreadUtil.java:64)
	at java.util.concurrent.FutureTask.run(FutureTask.java:266)
	at java.util.concurrent.ThreadPoolExecutor.runWorker(ThreadPoolExecutor.java:1142)
	at java.util.concurrent.ThreadPoolExecutor$Worker.run(ThreadPoolExecutor.java:617)
	at java.lang.Thread.run(Thread.java:745)
]]>
    </failure>
  </testcase> <!-- testMontlyShoeDisplays -->
  <testcase name="testMontlyShoeDisplays" time="5.164" classname="com.selenium.suite.shoeshop.MonthlyShoeDisplaysTest1"/>
  <testcase name="testMontlyShoeDisplays" time="4.059" classname="com.selenium.suite.shoeshop.MonthlyShoeDisplaysTest1">
    <failure type="java.lang.AssertionError" message="Image src is null.No Image to display. expected [true] but found [false]">
      <![CDATA[java.lang.AssertionError: Image src is null.No Image to display. expected [true] but found [false]
	at org.testng.Assert.fail(Assert.java:94)
	at org.testng.Assert.failNotEquals(Assert.java:496)
	at org.testng.Assert.assertTrue(Assert.java:42)
	at com.selenium.suite.shoeshop.MonthlyShoeDisplaysTest1.testMontlyShoeDisplays(MonthlyShoeDisplaysTest1.java:156)
	at sun.reflect.GeneratedMethodAccessor2.invoke(Unknown Source)
	at sun.reflect.DelegatingMethodAccessorImpl.invoke(DelegatingMethodAccessorImpl.java:43)
	at java.lang.reflect.Method.invoke(Method.java:497)
	at org.testng.internal.MethodInvocationHelper.invokeMethod(MethodInvocationHelper.java:85)
	at org.testng.internal.Invoker.invokeMethod(Invoker.java:639)
	at org.testng.internal.Invoker.invokeTestMethod(Invoker.java:816)
	at org.testng.internal.Invoker.invokeTestMethods(Invoker.java:1124)
	at org.testng.internal.TestMethodWorker.invokeTestMethods(TestMethodWorker.java:125)
	at org.testng.internal.TestMethodWorker.run(TestMethodWorker.java:108)
	at org.testng.TestRunner.privateRun(TestRunner.java:774)
	at org.testng.TestRunner.run(TestRunner.java:624)
	at org.testng.SuiteRunner.runTest(SuiteRunner.java:359)
	at org.testng.SuiteRunner.access$000(SuiteRunner.java:39)
	at org.testng.SuiteRunner$SuiteWorker.run(SuiteRunner.java:393)
	at org.testng.internal.thread.ThreadUtil$2.call(ThreadUtil.java:64)
	at java.util.concurrent.FutureTask.run(FutureTask.java:266)
	at java.util.concurrent.ThreadPoolExecutor.runWorker(ThreadPoolExecutor.java:1142)
	at java.util.concurrent.ThreadPoolExecutor$Worker.run(ThreadPoolExecutor.java:617)
	at java.lang.Thread.run(Thread.java:745)
]]>
    </failure>
  </testcase> <!-- testMontlyShoeDisplays -->
  <testcase name="testMontlyShoeDisplays" time="4.524" classname="com.selenium.suite.shoeshop.MonthlyShoeDisplaysTest1"/>
  <testcase name="testMontlyShoeDisplays" time="4.253" classname="com.selenium.suite.shoeshop.MonthlyShoeDisplaysTest1"/>
  <testcase name="testMontlyShoeDisplays" time="4.864" classname="com.selenium.suite.shoeshop.MonthlyShoeDisplaysTest1"/>
  <testcase name="testMontlyShoeDisplays" time="41.310" classname="com.selenium.suite.shoeshop.MonthlyShoeDisplaysTest1"/>
  <testcase name="testMontlyShoeDisplays" time="3.944" classname="com.selenium.suite.shoeshop.MonthlyShoeDisplaysTest1"/>
  <testcase name="testMontlyShoeDisplays" time="39.425" classname="com.selenium.suite.shoeshop.MonthlyShoeDisplaysTest1"/>
  <testcase name="testMontlyShoeDisplays" time="4.328" classname="com.selenium.suite.shoeshop.MonthlyShoeDisplaysTest1"/>
  <testcase name="testMontlyShoeDisplays" time="13.457" classname="com.selenium.suite.shoeshop.MonthlyShoeDisplaysTest1"/>
  <testcase name="testMontlyShoeDisplays" time="23.881" classname="com.selenium.suite.shoeshop.MonthlyShoeDisplaysTest1"/>
  <testcase name="testMontlyShoeDisplays" time="3.549" classname="com.selenium.suite.shoeshop.MonthlyShoeDisplaysTest1"/>
  <testcase name="testMontlyShoeDisplays" time="32.110" classname="com.selenium.suite.shoeshop.MonthlyShoeDisplaysTest1"/>
  <testcase name="testMontlyShoeDisplays" time="3.845" classname="com.selenium.suite.shoeshop.MonthlyShoeDisplaysTest1"/>
  <testcase name="testMontlyShoeDisplays" time="4.615" classname="com.selenium.suite.shoeshop.MonthlyShoeDisplaysTest1"/>
</testsuite> <!-- com.selenium.suite.shoeshop.MonthlyShoeDisplaysTest1 -->
