<?xml version="1.0" encoding="UTF-8"?>
<!-- Generated by org.testng.reporters.JUnitXMLReporter -->
<testsuite hostname="CORP-PF00HQD9" name="MonthlyShoeDisplaysTest_IE" tests="13" failures="2" timestamp="7 May 2016 05:03:09 GMT" time="368.891" errors="0">
  <testcase name="testMontlyShoeDisplays" time="29.403" classname="com.selenium.suite.shoeshop.MonthlyShoeDisplaysTest1"/>
  <testcase name="testMontlyShoeDisplays" time="41.844" classname="com.selenium.suite.shoeshop.MonthlyShoeDisplaysTest1"/>
  <testcase name="testMontlyShoeDisplays" time="41.107" classname="com.selenium.suite.shoeshop.MonthlyShoeDisplaysTest1"/>
  <testcase name="testMontlyShoeDisplays" time="35.817" classname="com.selenium.suite.shoeshop.MonthlyShoeDisplaysTest1"/>
  <testcase name="testMontlyShoeDisplays" time="41.313" classname="com.selenium.suite.shoeshop.MonthlyShoeDisplaysTest1"/>
  <testcase name="testMontlyShoeDisplays" time="39.396" classname="com.selenium.suite.shoeshop.MonthlyShoeDisplaysTest1"/>
  <testcase name="testMontlyShoeDisplays" time="32.064" classname="com.selenium.suite.shoeshop.MonthlyShoeDisplaysTest1"/>
  <testcase name="testMontlyShoeDisplays" time="15.168" classname="com.selenium.suite.shoeshop.MonthlyShoeDisplaysTest1"/>
  <testcase name="testMontlyShoeDisplays" time="13.407" classname="com.selenium.suite.shoeshop.MonthlyShoeDisplaysTest1"/>
  <testcase name="testMontlyShoeDisplays" time="14.119" classname="com.selenium.suite.shoeshop.MonthlyShoeDisplaysTest1"/>
  <testcase name="testMontlyShoeDisplays" time="9.786" classname="com.selenium.suite.shoeshop.MonthlyShoeDisplaysTest1">
    <failure type="java.lang.AssertionError" message="Image src is null.No Image to display. expected [true] but found [false]">
      <![CDATA[java.lang.AssertionError: Image src is null.No Image to display. expected [true] but found [false]
	at com.selenium.suite.shoeshop.MonthlyShoeDisplaysTest1.testMontlyShoeDisplays(MonthlyShoeDisplaysTest1.java:156)
	at java.util.concurrent.FutureTask.run(FutureTask.java:266)
	at java.util.concurrent.ThreadPoolExecutor.runWorker(ThreadPoolExecutor.java:1142)
	at java.util.concurrent.ThreadPoolExecutor$Worker.run(ThreadPoolExecutor.java:617)
	at java.lang.Thread.run(Thread.java:745)
... Removed 18 stack frames]]>
    </failure>
  </testcase> <!-- testMontlyShoeDisplays -->
  <testcase name="testMontlyShoeDisplays" time="6.36" classname="com.selenium.suite.shoeshop.MonthlyShoeDisplaysTest1"/>
  <testcase name="testMontlyShoeDisplays" time="39.191" classname="com.selenium.suite.shoeshop.MonthlyShoeDisplaysTest1">
    <failure type="java.lang.AssertionError" message="Image src is null.No Image to display. expected [true] but found [false]">
      <![CDATA[java.lang.AssertionError: Image src is null.No Image to display. expected [true] but found [false]
	at com.selenium.suite.shoeshop.MonthlyShoeDisplaysTest1.testMontlyShoeDisplays(MonthlyShoeDisplaysTest1.java:156)
	at java.util.concurrent.FutureTask.run(FutureTask.java:266)
	at java.util.concurrent.ThreadPoolExecutor.runWorker(ThreadPoolExecutor.java:1142)
	at java.util.concurrent.ThreadPoolExecutor$Worker.run(ThreadPoolExecutor.java:617)
	at java.lang.Thread.run(Thread.java:745)
... Removed 18 stack frames]]>
    </failure>
  </testcase> <!-- testMontlyShoeDisplays -->
</testsuite> <!-- MonthlyShoeDisplaysTest_IE -->
