<?xml version="1.0" encoding="UTF-8"?>
<!-- Generated by org.testng.reporters.JUnitXMLReporter -->
<testsuite hostname="CORP-PF00HQD9" name="MonthlyShoeDisplaysTest_Mozilla" tests="13" failures="2" timestamp="7 May 2016 04:58:37 GMT" time="96.98" errors="0">
  <testcase name="testMontlyShoeDisplays" time="8.551" classname="com.selenium.suite.shoeshop.MonthlyShoeDisplaysTest1"/>
  <testcase name="testMontlyShoeDisplays" time="5.034" classname="com.selenium.suite.shoeshop.MonthlyShoeDisplaysTest1"/>
  <testcase name="testMontlyShoeDisplays" time="3.702" classname="com.selenium.suite.shoeshop.MonthlyShoeDisplaysTest1"/>
  <testcase name="testMontlyShoeDisplays" time="4.513" classname="com.selenium.suite.shoeshop.MonthlyShoeDisplaysTest1"/>
  <testcase name="testMontlyShoeDisplays" time="3.513" classname="com.selenium.suite.shoeshop.MonthlyShoeDisplaysTest1"/>
  <testcase name="testMontlyShoeDisplays" time="3.501" classname="com.selenium.suite.shoeshop.MonthlyShoeDisplaysTest1"/>
  <testcase name="testMontlyShoeDisplays" time="4.464" classname="com.selenium.suite.shoeshop.MonthlyShoeDisplaysTest1"/>
  <testcase name="testMontlyShoeDisplays" time="3.882" classname="com.selenium.suite.shoeshop.MonthlyShoeDisplaysTest1"/>
  <testcase name="testMontlyShoeDisplays" time="4.14" classname="com.selenium.suite.shoeshop.MonthlyShoeDisplaysTest1"/>
  <testcase name="testMontlyShoeDisplays" time="3.824" classname="com.selenium.suite.shoeshop.MonthlyShoeDisplaysTest1"/>
  <testcase name="testMontlyShoeDisplays" time="4.005" classname="com.selenium.suite.shoeshop.MonthlyShoeDisplaysTest1">
    <failure type="java.lang.AssertionError" message="Image src is null.No Image to display. expected [true] but found [false]">
      <![CDATA[java.lang.AssertionError: Image src is null.No Image to display. expected [true] but found [false]
	at com.selenium.suite.shoeshop.MonthlyShoeDisplaysTest1.testMontlyShoeDisplays(MonthlyShoeDisplaysTest1.java:156)
	at java.util.concurrent.FutureTask.run(FutureTask.java:266)
	at java.util.concurrent.ThreadPoolExecutor.runWorker(ThreadPoolExecutor.java:1142)
	at java.util.concurrent.ThreadPoolExecutor$Worker.run(ThreadPoolExecutor.java:617)
	at java.lang.Thread.run(Thread.java:745)
... Removed 18 stack frames]]>
    </failure>
  </testcase> <!-- testMontlyShoeDisplays -->
  <testcase name="testMontlyShoeDisplays" time="3.127" classname="com.selenium.suite.shoeshop.MonthlyShoeDisplaysTest1"/>
  <testcase name="testMontlyShoeDisplays" time="7.945" classname="com.selenium.suite.shoeshop.MonthlyShoeDisplaysTest1">
    <failure type="java.lang.AssertionError" message="Image src is null.No Image to display. expected [true] but found [false]">
      <![CDATA[java.lang.AssertionError: Image src is null.No Image to display. expected [true] but found [false]
	at com.selenium.suite.shoeshop.MonthlyShoeDisplaysTest1.testMontlyShoeDisplays(MonthlyShoeDisplaysTest1.java:156)
	at java.util.concurrent.FutureTask.run(FutureTask.java:266)
	at java.util.concurrent.ThreadPoolExecutor.runWorker(ThreadPoolExecutor.java:1142)
	at java.util.concurrent.ThreadPoolExecutor$Worker.run(ThreadPoolExecutor.java:617)
	at java.lang.Thread.run(Thread.java:745)
... Removed 18 stack frames]]>
    </failure>
  </testcase> <!-- testMontlyShoeDisplays -->
</testsuite> <!-- MonthlyShoeDisplaysTest_Mozilla -->
