<?xml version="1.0" encoding="UTF-8"?>
<!-- Generated by org.testng.reporters.JUnitXMLReporter -->
<testsuite hostname="CORP-PF00HQD9" name="MonthlyShoeDisplaysTest_Chrome" tests="13" failures="2" timestamp="7 May 2016 04:58:34 GMT" time="93.754" errors="0">
  <testcase name="testMontlyShoeDisplays" time="23.758" classname="com.selenium.suite.shoeshop.MonthlyShoeDisplaysTest1"/>
  <testcase name="testMontlyShoeDisplays" time="6.835" classname="com.selenium.suite.shoeshop.MonthlyShoeDisplaysTest1"/>
  <testcase name="testMontlyShoeDisplays" time="4.807" classname="com.selenium.suite.shoeshop.MonthlyShoeDisplaysTest1"/>
  <testcase name="testMontlyShoeDisplays" time="5.928" classname="com.selenium.suite.shoeshop.MonthlyShoeDisplaysTest1"/>
  <testcase name="testMontlyShoeDisplays" time="4.209" classname="com.selenium.suite.shoeshop.MonthlyShoeDisplaysTest1"/>
  <testcase name="testMontlyShoeDisplays" time="5.105" classname="com.selenium.suite.shoeshop.MonthlyShoeDisplaysTest1"/>
  <testcase name="testMontlyShoeDisplays" time="4.276" classname="com.selenium.suite.shoeshop.MonthlyShoeDisplaysTest1"/>
  <testcase name="testMontlyShoeDisplays" time="4.168" classname="com.selenium.suite.shoeshop.MonthlyShoeDisplaysTest1"/>
  <testcase name="testMontlyShoeDisplays" time="4.856" classname="com.selenium.suite.shoeshop.MonthlyShoeDisplaysTest1"/>
  <testcase name="testMontlyShoeDisplays" time="4.58" classname="com.selenium.suite.shoeshop.MonthlyShoeDisplaysTest1"/>
  <testcase name="testMontlyShoeDisplays" time="3.731" classname="com.selenium.suite.shoeshop.MonthlyShoeDisplaysTest1">
    <failure type="java.lang.AssertionError" message="Image src is null.No Image to display. expected [true] but found [false]">
      <![CDATA[java.lang.AssertionError: Image src is null.No Image to display. expected [true] but found [false]
	at com.selenium.suite.shoeshop.MonthlyShoeDisplaysTest1.testMontlyShoeDisplays(MonthlyShoeDisplaysTest1.java:156)
	at java.util.concurrent.FutureTask.run(FutureTask.java:266)
	at java.util.concurrent.ThreadPoolExecutor.runWorker(ThreadPoolExecutor.java:1142)
	at java.util.concurrent.ThreadPoolExecutor$Worker.run(ThreadPoolExecutor.java:617)
	at java.lang.Thread.run(Thread.java:745)
... Removed 18 stack frames]]>
    </failure>
  </testcase> <!-- testMontlyShoeDisplays -->
  <testcase name="testMontlyShoeDisplays" time="3.128" classname="com.selenium.suite.shoeshop.MonthlyShoeDisplaysTest1"/>
  <testcase name="testMontlyShoeDisplays" time="9.588" classname="com.selenium.suite.shoeshop.MonthlyShoeDisplaysTest1">
    <failure type="java.lang.AssertionError" message="Image src is null.No Image to display. expected [true] but found [false]">
      <![CDATA[java.lang.AssertionError: Image src is null.No Image to display. expected [true] but found [false]
	at com.selenium.suite.shoeshop.MonthlyShoeDisplaysTest1.testMontlyShoeDisplays(MonthlyShoeDisplaysTest1.java:156)
	at java.util.concurrent.FutureTask.run(FutureTask.java:266)
	at java.util.concurrent.ThreadPoolExecutor.runWorker(ThreadPoolExecutor.java:1142)
	at java.util.concurrent.ThreadPoolExecutor$Worker.run(ThreadPoolExecutor.java:617)
	at java.lang.Thread.run(Thread.java:745)
... Removed 18 stack frames]]>
    </failure>
  </testcase> <!-- testMontlyShoeDisplays -->
</testsuite> <!-- MonthlyShoeDisplaysTest_Chrome -->
