<html>
<head>
<title>TestNG:  RegressionTest</title>
<link href="../testng.css" rel="stylesheet" type="text/css" />
<link href="../my-testng.css" rel="stylesheet" type="text/css" />

<style type="text/css">
.log { display: none;} 
.stack-trace { display: none;} 
</style>
<script type="text/javascript">
<!--
function flip(e) {
  current = e.style.display;
  if (current == 'block') {
    e.style.display = 'none';
    return 0;
  }
  else {
    e.style.display = 'block';
    return 1;
  }
}

function toggleBox(szDivId, elem, msg1, msg2)
{
  var res = -1;  if (document.getElementById) {
    res = flip(document.getElementById(szDivId));
  }
  else if (document.all) {
    // this is the way old msie versions work
    res = flip(document.all[szDivId]);
  }
  if(elem) {
    if(res == 0) elem.innerHTML = msg1; else elem.innerHTML = msg2;
  }

}

function toggleAllBoxes() {
  if (document.getElementsByTagName) {
    d = document.getElementsByTagName('div');
    for (i = 0; i < d.length; i++) {
      if (d[i].className == 'log') {
        flip(d[i]);
      }
    }
  }
}

// -->
</script>

</head>
<body>
<h2 align='center'>RegressionTest</h2><table border='1' align="center">
<tr>
<td>Tests passed/Failed/Skipped:</td><td>0/0/14</td>
</tr><tr>
<td>Started on:</td><td>Sat Apr 30 06:32:37 EDT 2016</td>
</tr>
<tr><td>Total time:</td><td>0 seconds (114 ms)</td>
</tr><tr>
<td>Included groups:</td><td></td>
</tr><tr>
<td>Excluded groups:</td><td></td>
</tr>
</table><p/>
<small><i>(Hover the method name to see the test class name)</i></small><p/>
<table width='100%' border='1' class='invocation-skipped'>
<tr><td colspan='4' align='center'><b>SKIPPED CONFIGURATIONS</b></td></tr>
<tr><td><b>Test method</b></td>
<td width="30%"><b>Exception</b></td>
<td width="10%"><b>Time (seconds)</b></td>
<td><b>Instance</b></td>
</tr>
<tr>
<td title='com.selenium.suite.shoeshop.EmailSubscriptionTest.verifyTestCaseRunmode()'><b>verifyTestCaseRunmode</b><br>Test class: com.selenium.suite.shoeshop.EmailSubscriptionTest</td>
<td><div><pre>org.testng.SkipException: Skipping the testcase execution as the runmode is set to N
	at com.selenium.suite.shoeshop.EmailSubscriptionTest.verifyTestCaseRunmode(EmailSubscriptionTest.java:42)
... Removed 23 stack frames</pre></div><a href='#' onClick='toggleBox("stack-trace294247762", this, "Click to show all stack frames", "Click to hide stack frames")'>Click to show all stack frames</a>
<div class='stack-trace' id='stack-trace294247762'><pre>org.testng.SkipException: Skipping the testcase execution as the runmode is set to N
	at com.selenium.suite.shoeshop.EmailSubscriptionTest.verifyTestCaseRunmode(EmailSubscriptionTest.java:42)
	at sun.reflect.NativeMethodAccessorImpl.invoke0(Native Method)
	at sun.reflect.NativeMethodAccessorImpl.invoke(NativeMethodAccessorImpl.java:62)
	at sun.reflect.DelegatingMethodAccessorImpl.invoke(DelegatingMethodAccessorImpl.java:43)
	at java.lang.reflect.Method.invoke(Method.java:497)
	at org.testng.internal.MethodInvocationHelper.invokeMethod(MethodInvocationHelper.java:85)
	at org.testng.internal.Invoker.invokeConfigurationMethod(Invoker.java:510)
	at org.testng.internal.Invoker.invokeConfigurations(Invoker.java:211)
	at org.testng.internal.Invoker.invokeConfigurations(Invoker.java:138)
	at org.testng.TestRunner.beforeRun(TestRunner.java:648)
	at org.testng.TestRunner.run(TestRunner.java:616)
	at org.testng.SuiteRunner.runTest(SuiteRunner.java:359)
	at org.testng.SuiteRunner.runSequentially(SuiteRunner.java:354)
	at org.testng.SuiteRunner.privateRun(SuiteRunner.java:312)
	at org.testng.SuiteRunner.run(SuiteRunner.java:261)
	at org.testng.SuiteRunnerWorker.runSuite(SuiteRunnerWorker.java:52)
	at org.testng.SuiteRunnerWorker.run(SuiteRunnerWorker.java:86)
	at org.testng.TestNG.runSuitesSequentially(TestNG.java:1215)
	at org.testng.TestNG.runSuitesSequentially(TestNG.java:1211)
	at org.testng.TestNG.runSuitesLocally(TestNG.java:1140)
	at org.testng.TestNG.run(TestNG.java:1048)
	at org.testng.remote.AbstractRemoteTestNG.run(AbstractRemoteTestNG.java:126)
	at org.testng.remote.RemoteTestNG.initAndRun(RemoteTestNG.java:137)
	at org.testng.remote.RemoteTestNG.main(RemoteTestNG.java:58)
</pre></div></td>
<td>0</td>
<td>null</td></tr>
<tr>
<td title='com.selenium.suite.shoeshop.EmailSubscriptionTest.verifyTestCaseRunmode()'><b>verifyTestCaseRunmode</b><br>Test class: com.selenium.suite.shoeshop.EmailSubscriptionTest</td>
<td></td>
<td>0</td>
<td>null</td></tr>
<tr>
<td title='com.selenium.suite.shoeshop.MonthlyShoeDisplaysTest.updateDataSetStatus()'><b>updateDataSetStatus</b><br>Test class: com.selenium.suite.shoeshop.MonthlyShoeDisplaysTest</td>
<td></td>
<td>0</td>
<td>com.selenium.suite.shoeshop.MonthlyShoeDisplaysTest@c038203</td></tr>
<tr>
<td title='com.selenium.suite.shoeshop.MonthlyShoeDisplaysTest.updateDataSetStatus()'><b>updateDataSetStatus</b><br>Test class: com.selenium.suite.shoeshop.MonthlyShoeDisplaysTest</td>
<td></td>
<td>0</td>
<td>com.selenium.suite.shoeshop.MonthlyShoeDisplaysTest@c038203</td></tr>
<tr>
<td title='com.selenium.suite.shoeshop.MonthlyShoeDisplaysTest.updateDataSetStatus()'><b>updateDataSetStatus</b><br>Test class: com.selenium.suite.shoeshop.MonthlyShoeDisplaysTest</td>
<td></td>
<td>0</td>
<td>com.selenium.suite.shoeshop.MonthlyShoeDisplaysTest@c038203</td></tr>
<tr>
<td title='com.selenium.suite.shoeshop.MonthlyShoeDisplaysTest.updateDataSetStatus()'><b>updateDataSetStatus</b><br>Test class: com.selenium.suite.shoeshop.MonthlyShoeDisplaysTest</td>
<td></td>
<td>0</td>
<td>com.selenium.suite.shoeshop.MonthlyShoeDisplaysTest@c038203</td></tr>
<tr>
<td title='com.selenium.suite.shoeshop.MonthlyShoeDisplaysTest.updateDataSetStatus()'><b>updateDataSetStatus</b><br>Test class: com.selenium.suite.shoeshop.MonthlyShoeDisplaysTest</td>
<td></td>
<td>0</td>
<td>com.selenium.suite.shoeshop.MonthlyShoeDisplaysTest@c038203</td></tr>
<tr>
<td title='com.selenium.suite.shoeshop.MonthlyShoeDisplaysTest.updateDataSetStatus()'><b>updateDataSetStatus</b><br>Test class: com.selenium.suite.shoeshop.MonthlyShoeDisplaysTest</td>
<td></td>
<td>0</td>
<td>com.selenium.suite.shoeshop.MonthlyShoeDisplaysTest@c038203</td></tr>
<tr>
<td title='com.selenium.suite.shoeshop.MonthlyShoeDisplaysTest.updateDataSetStatus()'><b>updateDataSetStatus</b><br>Test class: com.selenium.suite.shoeshop.MonthlyShoeDisplaysTest</td>
<td></td>
<td>0</td>
<td>com.selenium.suite.shoeshop.MonthlyShoeDisplaysTest@c038203</td></tr>
<tr>
<td title='com.selenium.suite.shoeshop.MonthlyShoeDisplaysTest.updateDataSetStatus()'><b>updateDataSetStatus</b><br>Test class: com.selenium.suite.shoeshop.MonthlyShoeDisplaysTest</td>
<td></td>
<td>0</td>
<td>com.selenium.suite.shoeshop.MonthlyShoeDisplaysTest@c038203</td></tr>
<tr>
<td title='com.selenium.suite.shoeshop.MonthlyShoeDisplaysTest.updateDataSetStatus()'><b>updateDataSetStatus</b><br>Test class: com.selenium.suite.shoeshop.MonthlyShoeDisplaysTest</td>
<td></td>
<td>0</td>
<td>com.selenium.suite.shoeshop.MonthlyShoeDisplaysTest@c038203</td></tr>
<tr>
<td title='com.selenium.suite.shoeshop.MonthlyShoeDisplaysTest.updateDataSetStatus()'><b>updateDataSetStatus</b><br>Test class: com.selenium.suite.shoeshop.MonthlyShoeDisplaysTest</td>
<td></td>
<td>0</td>
<td>com.selenium.suite.shoeshop.MonthlyShoeDisplaysTest@c038203</td></tr>
<tr>
<td title='com.selenium.suite.shoeshop.MonthlyShoeDisplaysTest.updateDataSetStatus()'><b>updateDataSetStatus</b><br>Test class: com.selenium.suite.shoeshop.MonthlyShoeDisplaysTest</td>
<td></td>
<td>0</td>
<td>com.selenium.suite.shoeshop.MonthlyShoeDisplaysTest@c038203</td></tr>
<tr>
<td title='com.selenium.suite.shoeshop.MonthlyShoeDisplaysTest.updateDataSetStatus()'><b>updateDataSetStatus</b><br>Test class: com.selenium.suite.shoeshop.MonthlyShoeDisplaysTest</td>
<td></td>
<td>0</td>
<td>com.selenium.suite.shoeshop.MonthlyShoeDisplaysTest@c038203</td></tr>
<tr>
<td title='com.selenium.suite.shoeshop.MonthlyShoeDisplaysTest.updateDataSetStatus()'><b>updateDataSetStatus</b><br>Test class: com.selenium.suite.shoeshop.MonthlyShoeDisplaysTest</td>
<td></td>
<td>0</td>
<td>com.selenium.suite.shoeshop.MonthlyShoeDisplaysTest@c038203</td></tr>
<tr>
<td title='com.selenium.suite.shoeshop.EmailSubscriptionTest.updateTestStatus()'><b>updateTestStatus</b><br>Test class: com.selenium.suite.shoeshop.EmailSubscriptionTest</td>
<td></td>
<td>0</td>
<td>null</td></tr>
<tr>
<td title='com.selenium.suite.shoeshop.EmailSubscriptionTest.updateTestStatus()'><b>updateTestStatus</b><br>Test class: com.selenium.suite.shoeshop.EmailSubscriptionTest</td>
<td></td>
<td>0</td>
<td>null</td></tr>
</table><p>
<table width='100%' border='1' class='invocation-skipped'>
<tr><td colspan='4' align='center'><b>SKIPPED TESTS</b></td></tr>
<tr><td><b>Test method</b></td>
<td width="30%"><b>Exception</b></td>
<td width="10%"><b>Time (seconds)</b></td>
<td><b>Instance</b></td>
</tr>
<tr>
<td title='com.selenium.suite.shoeshop.EmailSubscriptionTest.testEmailSubscription()'><b>testEmailSubscription</b><br>Test class: com.selenium.suite.shoeshop.EmailSubscriptionTest</td>
<td><div><pre>java.lang.NullPointerException
... Removed 22 stack frames</pre></div><a href='#' onClick='toggleBox("stack-trace1661123505", this, "Click to show all stack frames", "Click to hide stack frames")'>Click to show all stack frames</a>
<div class='stack-trace' id='stack-trace1661123505'><pre>java.lang.NullPointerException
	at org.testng.internal.MethodInvocationHelper.invokeDataProvider(MethodInvocationHelper.java:150)
	at org.testng.internal.Parameters.handleParameters(Parameters.java:430)
	at org.testng.internal.Invoker.handleParameters(Invoker.java:1270)
	at org.testng.internal.Invoker.createParameters(Invoker.java:985)
	at org.testng.internal.Invoker.invokeTestMethods(Invoker.java:1075)
	at org.testng.internal.TestMethodWorker.invokeTestMethods(TestMethodWorker.java:125)
	at org.testng.internal.TestMethodWorker.run(TestMethodWorker.java:108)
	at org.testng.TestRunner.privateRun(TestRunner.java:774)
	at org.testng.TestRunner.run(TestRunner.java:624)
	at org.testng.SuiteRunner.runTest(SuiteRunner.java:359)
	at org.testng.SuiteRunner.runSequentially(SuiteRunner.java:354)
	at org.testng.SuiteRunner.privateRun(SuiteRunner.java:312)
	at org.testng.SuiteRunner.run(SuiteRunner.java:261)
	at org.testng.SuiteRunnerWorker.runSuite(SuiteRunnerWorker.java:52)
	at org.testng.SuiteRunnerWorker.run(SuiteRunnerWorker.java:86)
	at org.testng.TestNG.runSuitesSequentially(TestNG.java:1215)
	at org.testng.TestNG.runSuitesSequentially(TestNG.java:1211)
	at org.testng.TestNG.runSuitesLocally(TestNG.java:1140)
	at org.testng.TestNG.run(TestNG.java:1048)
	at org.testng.remote.AbstractRemoteTestNG.run(AbstractRemoteTestNG.java:126)
	at org.testng.remote.RemoteTestNG.initAndRun(RemoteTestNG.java:137)
	at org.testng.remote.RemoteTestNG.main(RemoteTestNG.java:58)
</pre></div></td>
<td>0</td>
<td>com.selenium.suite.shoeshop.EmailSubscriptionTest@cc285f4</td></tr>
<tr>
<td title='com.selenium.suite.shoeshop.MonthlyShoeDisplaysTest.testMontlyShoeDisplays()'><b>testMontlyShoeDisplays</b><br>Test class: com.selenium.suite.shoeshop.MonthlyShoeDisplaysTest<br>Parameters: January</td>
<td></td>
<td>0</td>
<td>com.selenium.suite.shoeshop.MonthlyShoeDisplaysTest@c038203</td></tr>
<tr>
<td title='com.selenium.suite.shoeshop.MonthlyShoeDisplaysTest.testMontlyShoeDisplays()'><b>testMontlyShoeDisplays</b><br>Test class: com.selenium.suite.shoeshop.MonthlyShoeDisplaysTest<br>Parameters: February</td>
<td></td>
<td>0</td>
<td>com.selenium.suite.shoeshop.MonthlyShoeDisplaysTest@c038203</td></tr>
<tr>
<td title='com.selenium.suite.shoeshop.MonthlyShoeDisplaysTest.testMontlyShoeDisplays()'><b>testMontlyShoeDisplays</b><br>Test class: com.selenium.suite.shoeshop.MonthlyShoeDisplaysTest<br>Parameters: March</td>
<td></td>
<td>0</td>
<td>com.selenium.suite.shoeshop.MonthlyShoeDisplaysTest@c038203</td></tr>
<tr>
<td title='com.selenium.suite.shoeshop.MonthlyShoeDisplaysTest.testMontlyShoeDisplays()'><b>testMontlyShoeDisplays</b><br>Test class: com.selenium.suite.shoeshop.MonthlyShoeDisplaysTest<br>Parameters: April</td>
<td></td>
<td>0</td>
<td>com.selenium.suite.shoeshop.MonthlyShoeDisplaysTest@c038203</td></tr>
<tr>
<td title='com.selenium.suite.shoeshop.MonthlyShoeDisplaysTest.testMontlyShoeDisplays()'><b>testMontlyShoeDisplays</b><br>Test class: com.selenium.suite.shoeshop.MonthlyShoeDisplaysTest<br>Parameters: May</td>
<td></td>
<td>0</td>
<td>com.selenium.suite.shoeshop.MonthlyShoeDisplaysTest@c038203</td></tr>
<tr>
<td title='com.selenium.suite.shoeshop.MonthlyShoeDisplaysTest.testMontlyShoeDisplays()'><b>testMontlyShoeDisplays</b><br>Test class: com.selenium.suite.shoeshop.MonthlyShoeDisplaysTest<br>Parameters: June</td>
<td></td>
<td>0</td>
<td>com.selenium.suite.shoeshop.MonthlyShoeDisplaysTest@c038203</td></tr>
<tr>
<td title='com.selenium.suite.shoeshop.MonthlyShoeDisplaysTest.testMontlyShoeDisplays()'><b>testMontlyShoeDisplays</b><br>Test class: com.selenium.suite.shoeshop.MonthlyShoeDisplaysTest<br>Parameters: July</td>
<td></td>
<td>0</td>
<td>com.selenium.suite.shoeshop.MonthlyShoeDisplaysTest@c038203</td></tr>
<tr>
<td title='com.selenium.suite.shoeshop.MonthlyShoeDisplaysTest.testMontlyShoeDisplays()'><b>testMontlyShoeDisplays</b><br>Test class: com.selenium.suite.shoeshop.MonthlyShoeDisplaysTest<br>Parameters: August</td>
<td></td>
<td>0</td>
<td>com.selenium.suite.shoeshop.MonthlyShoeDisplaysTest@c038203</td></tr>
<tr>
<td title='com.selenium.suite.shoeshop.MonthlyShoeDisplaysTest.testMontlyShoeDisplays()'><b>testMontlyShoeDisplays</b><br>Test class: com.selenium.suite.shoeshop.MonthlyShoeDisplaysTest<br>Parameters: September</td>
<td></td>
<td>0</td>
<td>com.selenium.suite.shoeshop.MonthlyShoeDisplaysTest@c038203</td></tr>
<tr>
<td title='com.selenium.suite.shoeshop.MonthlyShoeDisplaysTest.testMontlyShoeDisplays()'><b>testMontlyShoeDisplays</b><br>Test class: com.selenium.suite.shoeshop.MonthlyShoeDisplaysTest<br>Parameters: October</td>
<td></td>
<td>0</td>
<td>com.selenium.suite.shoeshop.MonthlyShoeDisplaysTest@c038203</td></tr>
<tr>
<td title='com.selenium.suite.shoeshop.MonthlyShoeDisplaysTest.testMontlyShoeDisplays()'><b>testMontlyShoeDisplays</b><br>Test class: com.selenium.suite.shoeshop.MonthlyShoeDisplaysTest<br>Parameters: November</td>
<td></td>
<td>0</td>
<td>com.selenium.suite.shoeshop.MonthlyShoeDisplaysTest@c038203</td></tr>
<tr>
<td title='com.selenium.suite.shoeshop.MonthlyShoeDisplaysTest.testMontlyShoeDisplays()'><b>testMontlyShoeDisplays</b><br>Test class: com.selenium.suite.shoeshop.MonthlyShoeDisplaysTest<br>Parameters: December</td>
<td></td>
<td>0</td>
<td>com.selenium.suite.shoeshop.MonthlyShoeDisplaysTest@c038203</td></tr>
<tr>
<td title='com.selenium.suite.shoeshop.MonthlyShoeDisplaysTest.testMontlyShoeDisplays()'><b>testMontlyShoeDisplays</b><br>Test class: com.selenium.suite.shoeshop.MonthlyShoeDisplaysTest<br>Parameters: All Shoes</td>
<td></td>
<td>0</td>
<td>com.selenium.suite.shoeshop.MonthlyShoeDisplaysTest@c038203</td></tr>
</table><p>
</body>
</html>