<?xml version="1.0" encoding="UTF-8"?>
<!-- Generated by org.testng.reporters.JUnitXMLReporter -->
<testsuite hostname="CORP-PF00HQD9" name="ShoeShopSuiteTests" tests="13" failures="1" timestamp="30 Apr 2016 09:22:57 GMT" time="53.011" errors="0">
  <testcase name="testMontlyShoeDisplays" time="23.059" classname="com.selenium.suite.shoeshop.MonthlyShoeDisplaysTest"/>
  <testcase name="testMontlyShoeDisplays" time="0.001" classname="com.selenium.suite.shoeshop.MonthlyShoeDisplaysTest">
    <skipped/>
  </testcase> <!-- testMontlyShoeDisplays -->
  <testcase name="testMontlyShoeDisplays" time="0.001" classname="com.selenium.suite.shoeshop.MonthlyShoeDisplaysTest">
    <skipped/>
  </testcase> <!-- testMontlyShoeDisplays -->
  <testcase name="testMontlyShoeDisplays" time="0.001" classname="com.selenium.suite.shoeshop.MonthlyShoeDisplaysTest">
    <skipped/>
  </testcase> <!-- testMontlyShoeDisplays -->
  <testcase name="testMontlyShoeDisplays" time="0.0" classname="com.selenium.suite.shoeshop.MonthlyShoeDisplaysTest">
    <skipped/>
  </testcase> <!-- testMontlyShoeDisplays -->
  <testcase name="testMontlyShoeDisplays" time="0.001" classname="com.selenium.suite.shoeshop.MonthlyShoeDisplaysTest">
    <skipped/>
  </testcase> <!-- testMontlyShoeDisplays -->
  <testcase name="testMontlyShoeDisplays" time="0.0" classname="com.selenium.suite.shoeshop.MonthlyShoeDisplaysTest">
    <skipped/>
  </testcase> <!-- testMontlyShoeDisplays -->
  <testcase name="testMontlyShoeDisplays" time="0.0" classname="com.selenium.suite.shoeshop.MonthlyShoeDisplaysTest">
    <skipped/>
  </testcase> <!-- testMontlyShoeDisplays -->
  <testcase name="testMontlyShoeDisplays" time="0.0" classname="com.selenium.suite.shoeshop.MonthlyShoeDisplaysTest">
    <skipped/>
  </testcase> <!-- testMontlyShoeDisplays -->
  <testcase name="testMontlyShoeDisplays" time="0.0" classname="com.selenium.suite.shoeshop.MonthlyShoeDisplaysTest">
    <skipped/>
  </testcase> <!-- testMontlyShoeDisplays -->
  <testcase name="testMontlyShoeDisplays" time="4.155" classname="com.selenium.suite.shoeshop.MonthlyShoeDisplaysTest">
    <failure type="java.lang.AssertionError" message="Image src is null.No Image to display. expected [true] but found [false]">
      <![CDATA[java.lang.AssertionError: Image src is null.No Image to display. expected [true] but found [false]
	at com.selenium.suite.shoeshop.MonthlyShoeDisplaysTest.testMontlyShoeDisplays(MonthlyShoeDisplaysTest.java:145)
... Removed 27 stack frames]]>
    </failure>
  </testcase> <!-- testMontlyShoeDisplays -->
  <testcase name="testMontlyShoeDisplays" time="23.212" classname="com.selenium.suite.shoeshop.MonthlyShoeDisplaysTest"/>
  <testcase name="testMontlyShoeDisplays" time="0.0" classname="com.selenium.suite.shoeshop.MonthlyShoeDisplaysTest">
    <skipped/>
  </testcase> <!-- testMontlyShoeDisplays -->
</testsuite> <!-- ShoeShopSuiteTests -->
